This is pdfTeX, Version 3.14159265-2.6-1.40.17 (MiKTeX 2.9) (preloaded format=pdflatex 2016.9.7)  25 JUN 2017 16:41
entering extended mode
**./defense_presentation.tex
(defense_presentation.tex
LaTeX2e <2016/03/31> patch level 3
Babel <3.9r> and hyphenation patterns for 75 language(s) loaded.
(C:\Users\WDerricotte\AppData\Roaming\MiKTeX\2.9\tex\latex\beamer\beamer.cls
Document Class: beamer 2017/01/22 v3.40 A class for typesetting presentations

(C:\Users\WDerricotte\AppData\Roaming\MiKTeX\2.9\tex\latex\etoolbox\etoolbox.st
y
Package: etoolbox 2015/08/02 v2.2a e-TeX tools for LaTeX (JAW)
\etb@tempcnta=\count79
)
(C:\Users\WDerricotte\AppData\Roaming\MiKTeX\2.9\tex\latex\beamer\beamerbasemod
es.sty
\beamer@tempbox=\box26
\beamer@tempcount=\count80
\c@beamerpauses=\count81

(C:\Users\WDerricotte\AppData\Roaming\MiKTeX\2.9\tex\latex\beamer\beamerbasedec
ode.sty
\beamer@slideinframe=\count82
\beamer@minimum=\count83
)
\beamer@commentbox=\box27
\beamer@modecount=\count84
) ("C:\Program Files (x86)\MiKTeX 2.9\tex\generic\oberdiek\ifpdf.sty"
Package: ifpdf 2016/05/14 v3.1 Provides the ifpdf switch
)
\headheight=\dimen102
\headdp=\dimen103
\footheight=\dimen104
\sidebarheight=\dimen105
\beamer@tempdim=\dimen106
\beamer@finalheight=\dimen107
\beamer@animht=\dimen108
\beamer@animdp=\dimen109
\beamer@animwd=\dimen110
\beamer@leftmargin=\dimen111
\beamer@rightmargin=\dimen112
\beamer@leftsidebar=\dimen113
\beamer@rightsidebar=\dimen114
\beamer@boxsize=\dimen115
\beamer@vboxoffset=\dimen116
\beamer@descdefault=\dimen117
\beamer@descriptionwidth=\dimen118
\beamer@lastskip=\skip41
\beamer@areabox=\box28
\beamer@animcurrent=\box29
\beamer@animshowbox=\box30
\beamer@sectionbox=\box31
\beamer@logobox=\box32
\beamer@linebox=\box33
\beamer@sectioncount=\count85
\beamer@subsubsectionmax=\count86
\beamer@subsectionmax=\count87
\beamer@sectionmax=\count88
\beamer@totalheads=\count89
\beamer@headcounter=\count90
\beamer@partstartpage=\count91
\beamer@sectionstartpage=\count92
\beamer@subsectionstartpage=\count93
\beamer@animationtempa=\count94
\beamer@animationtempb=\count95
\beamer@xpos=\count96
\beamer@ypos=\count97
\beamer@showpartnumber=\count98
\beamer@currentsubsection=\count99
\beamer@coveringdepth=\count100
\beamer@sectionadjust=\count101
\beamer@tocsectionnumber=\count102

(C:\Users\WDerricotte\AppData\Roaming\MiKTeX\2.9\tex\latex\beamer\beamerbaseopt
ions.sty ("C:\Program Files (x86)\MiKTeX 2.9\tex\latex\graphics\keyval.sty"
Package: keyval 2014/10/28 v1.15 key=value parser (DPC)
\KV@toks@=\toks14
))
\beamer@paperwidth=\skip42
\beamer@paperheight=\skip43

("C:\Program Files (x86)\MiKTeX 2.9\tex\latex\geometry\geometry.sty"
Package: geometry 2010/09/12 v5.6 Page Geometry

("C:\Program Files (x86)\MiKTeX 2.9\tex\generic\oberdiek\ifvtex.sty"
Package: ifvtex 2016/05/16 v1.6 Detect VTeX and its facilities (HO)
Package ifvtex Info: VTeX not detected.
)
("C:\Program Files (x86)\MiKTeX 2.9\tex\generic\ifxetex\ifxetex.sty"
Package: ifxetex 2010/09/12 v0.6 Provides ifxetex conditional
)
\Gm@cnth=\count103
\Gm@cntv=\count104
\c@Gm@tempcnt=\count105
\Gm@bindingoffset=\dimen119
\Gm@wd@mp=\dimen120
\Gm@odd@mp=\dimen121
\Gm@even@mp=\dimen122
\Gm@layoutwidth=\dimen123
\Gm@layoutheight=\dimen124
\Gm@layouthoffset=\dimen125
\Gm@layoutvoffset=\dimen126
\Gm@dimlist=\toks15

("C:\Program Files (x86)\MiKTeX 2.9\tex\latex\geometry\geometry.cfg"))
("C:\Program Files (x86)\MiKTeX 2.9\tex\latex\base\size11.clo"
File: size11.clo 2014/09/29 v1.4h Standard LaTeX file (size option)
)
(C:\Users\WDerricotte\AppData\Roaming\MiKTeX\2.9\tex\latex\pgf\basiclayer\pgfco
re.sty ("C:\Program Files (x86)\MiKTeX 2.9\tex\latex\graphics\graphicx.sty"
Package: graphicx 2014/10/28 v1.0g Enhanced LaTeX Graphics (DPC,SPQR)

("C:\Program Files (x86)\MiKTeX 2.9\tex\latex\graphics\graphics.sty"
Package: graphics 2016/07/10 v1.0t Standard LaTeX Graphics (DPC,SPQR)

("C:\Program Files (x86)\MiKTeX 2.9\tex\latex\graphics\trig.sty"
Package: trig 2016/01/03 v1.10 sin cos tan (DPC)
)
("C:\Program Files (x86)\MiKTeX 2.9\tex\latex\00miktex\graphics.cfg"
File: graphics.cfg 2016/06/04 v1.11 sample graphics configuration
)
Package graphics Info: Driver file: pdftex.def on input line 99.

("C:\Program Files (x86)\MiKTeX 2.9\tex\latex\graphics-def\pdftex.def"
File: pdftex.def 2016/07/10 v0.06j Graphics/color for pdfTeX

("C:\Program Files (x86)\MiKTeX 2.9\tex\generic\oberdiek\infwarerr.sty"
Package: infwarerr 2016/05/16 v1.4 Providing info/warning/error messages (HO)
)
("C:\Program Files (x86)\MiKTeX 2.9\tex\generic\oberdiek\ltxcmds.sty"
Package: ltxcmds 2016/05/16 v1.23 LaTeX kernel commands for general use (HO)
)
\Gread@gobject=\count106
))
\Gin@req@height=\dimen127
\Gin@req@width=\dimen128
)
(C:\Users\WDerricotte\AppData\Roaming\MiKTeX\2.9\tex\latex\pgf\systemlayer\pgfs
ys.sty
(C:\Users\WDerricotte\AppData\Roaming\MiKTeX\2.9\tex\latex\pgf\utilities\pgfrcs
.sty
(C:\Users\WDerricotte\AppData\Roaming\MiKTeX\2.9\tex\generic\pgf\utilities\pgfu
til-common.tex
\pgfutil@everybye=\toks16
\pgfutil@tempdima=\dimen129
\pgfutil@tempdimb=\dimen130

(C:\Users\WDerricotte\AppData\Roaming\MiKTeX\2.9\tex\generic\pgf\utilities\pgfu
til-common-lists.tex))
(C:\Users\WDerricotte\AppData\Roaming\MiKTeX\2.9\tex\generic\pgf\utilities\pgfu
til-latex.def
\pgfutil@abb=\box34

(C:\Users\WDerricotte\AppData\Roaming\MiKTeX\2.9\tex\latex\ms\everyshi.sty
Package: everyshi 2001/05/15 v3.00 EveryShipout Package (MS)
))
(C:\Users\WDerricotte\AppData\Roaming\MiKTeX\2.9\tex\generic\pgf\utilities\pgfr
cs.code.tex
Package: pgfrcs 2015/08/07 v3.0.1a (rcs-revision 1.31)
))
(C:\Users\WDerricotte\AppData\Roaming\MiKTeX\2.9\tex\generic\pgf\systemlayer\pg
fsys.code.tex
Package: pgfsys 2014/07/09 v3.0.1a (rcs-revision 1.48)

(C:\Users\WDerricotte\AppData\Roaming\MiKTeX\2.9\tex\generic\pgf\utilities\pgfk
eys.code.tex
\pgfkeys@pathtoks=\toks17
\pgfkeys@temptoks=\toks18

(C:\Users\WDerricotte\AppData\Roaming\MiKTeX\2.9\tex\generic\pgf\utilities\pgfk
eysfiltered.code.tex
\pgfkeys@tmptoks=\toks19
))
\pgf@x=\dimen131
\pgf@y=\dimen132
\pgf@xa=\dimen133
\pgf@ya=\dimen134
\pgf@xb=\dimen135
\pgf@yb=\dimen136
\pgf@xc=\dimen137
\pgf@yc=\dimen138
\w@pgf@writea=\write3
\r@pgf@reada=\read1
\c@pgf@counta=\count107
\c@pgf@countb=\count108
\c@pgf@countc=\count109
\c@pgf@countd=\count110
\t@pgf@toka=\toks20
\t@pgf@tokb=\toks21
\t@pgf@tokc=\toks22

(C:\Users\WDerricotte\AppData\Roaming\MiKTeX\2.9\tex\generic\pgf\systemlayer\pg
f.cfg
File: pgf.cfg 2008/05/14  (rcs-revision 1.7)
)
Driver file for pgf: pgfsys-pdftex.def

(C:\Users\WDerricotte\AppData\Roaming\MiKTeX\2.9\tex\generic\pgf\systemlayer\pg
fsys-pdftex.def
File: pgfsys-pdftex.def 2014/10/11  (rcs-revision 1.35)

(C:\Users\WDerricotte\AppData\Roaming\MiKTeX\2.9\tex\generic\pgf\systemlayer\pg
fsys-common-pdf.def
File: pgfsys-common-pdf.def 2013/10/10  (rcs-revision 1.13)
)))
(C:\Users\WDerricotte\AppData\Roaming\MiKTeX\2.9\tex\generic\pgf\systemlayer\pg
fsyssoftpath.code.tex
File: pgfsyssoftpath.code.tex 2013/09/09  (rcs-revision 1.9)
\pgfsyssoftpath@smallbuffer@items=\count111
\pgfsyssoftpath@bigbuffer@items=\count112
)
(C:\Users\WDerricotte\AppData\Roaming\MiKTeX\2.9\tex\generic\pgf\systemlayer\pg
fsysprotocol.code.tex
File: pgfsysprotocol.code.tex 2006/10/16  (rcs-revision 1.4)
))
(C:\Users\WDerricotte\AppData\Roaming\MiKTeX\2.9\tex\latex\xcolor\xcolor.sty
Package: xcolor 2016/05/11 v2.12 LaTeX color extensions (UK)

("C:\Program Files (x86)\MiKTeX 2.9\tex\latex\00miktex\color.cfg"
File: color.cfg 2016/01/02 v1.6 sample color configuration
)
Package xcolor Info: Driver file: pdftex.def on input line 225.
Package xcolor Info: Model `cmy' substituted by `cmy0' on input line 1348.
Package xcolor Info: Model `hsb' substituted by `rgb' on input line 1352.
Package xcolor Info: Model `RGB' extended on input line 1364.
Package xcolor Info: Model `HTML' substituted by `rgb' on input line 1366.
Package xcolor Info: Model `Hsb' substituted by `hsb' on input line 1367.
Package xcolor Info: Model `tHsb' substituted by `hsb' on input line 1368.
Package xcolor Info: Model `HSB' substituted by `hsb' on input line 1369.
Package xcolor Info: Model `Gray' substituted by `gray' on input line 1370.
Package xcolor Info: Model `wave' substituted by `hsb' on input line 1371.
)
(C:\Users\WDerricotte\AppData\Roaming\MiKTeX\2.9\tex\generic\pgf\basiclayer\pgf
core.code.tex
Package: pgfcore 2010/04/11 v3.0.1a (rcs-revision 1.7)

(C:\Users\WDerricotte\AppData\Roaming\MiKTeX\2.9\tex\generic\pgf\math\pgfmath.c
ode.tex
(C:\Users\WDerricotte\AppData\Roaming\MiKTeX\2.9\tex\generic\pgf\math\pgfmathca
lc.code.tex
(C:\Users\WDerricotte\AppData\Roaming\MiKTeX\2.9\tex\generic\pgf\math\pgfmathut
il.code.tex)
(C:\Users\WDerricotte\AppData\Roaming\MiKTeX\2.9\tex\generic\pgf\math\pgfmathpa
rser.code.tex
\pgfmath@dimen=\dimen139
\pgfmath@count=\count113
\pgfmath@box=\box35
\pgfmath@toks=\toks23
\pgfmath@stack@operand=\toks24
\pgfmath@stack@operation=\toks25
)
(C:\Users\WDerricotte\AppData\Roaming\MiKTeX\2.9\tex\generic\pgf\math\pgfmathfu
nctions.code.tex
(C:\Users\WDerricotte\AppData\Roaming\MiKTeX\2.9\tex\generic\pgf\math\pgfmathfu
nctions.basic.code.tex)
(C:\Users\WDerricotte\AppData\Roaming\MiKTeX\2.9\tex\generic\pgf\math\pgfmathfu
nctions.trigonometric.code.tex)
(C:\Users\WDerricotte\AppData\Roaming\MiKTeX\2.9\tex\generic\pgf\math\pgfmathfu
nctions.random.code.tex)
(C:\Users\WDerricotte\AppData\Roaming\MiKTeX\2.9\tex\generic\pgf\math\pgfmathfu
nctions.comparison.code.tex)
(C:\Users\WDerricotte\AppData\Roaming\MiKTeX\2.9\tex\generic\pgf\math\pgfmathfu
nctions.base.code.tex)
(C:\Users\WDerricotte\AppData\Roaming\MiKTeX\2.9\tex\generic\pgf\math\pgfmathfu
nctions.round.code.tex)
(C:\Users\WDerricotte\AppData\Roaming\MiKTeX\2.9\tex\generic\pgf\math\pgfmathfu
nctions.misc.code.tex)
(C:\Users\WDerricotte\AppData\Roaming\MiKTeX\2.9\tex\generic\pgf\math\pgfmathfu
nctions.integerarithmetics.code.tex)))
(C:\Users\WDerricotte\AppData\Roaming\MiKTeX\2.9\tex\generic\pgf\math\pgfmathfl
oat.code.tex
\c@pgfmathroundto@lastzeros=\count114
))
(C:\Users\WDerricotte\AppData\Roaming\MiKTeX\2.9\tex\generic\pgf\basiclayer\pgf
corepoints.code.tex
File: pgfcorepoints.code.tex 2013/10/07  (rcs-revision 1.27)
\pgf@picminx=\dimen140
\pgf@picmaxx=\dimen141
\pgf@picminy=\dimen142
\pgf@picmaxy=\dimen143
\pgf@pathminx=\dimen144
\pgf@pathmaxx=\dimen145
\pgf@pathminy=\dimen146
\pgf@pathmaxy=\dimen147
\pgf@xx=\dimen148
\pgf@xy=\dimen149
\pgf@yx=\dimen150
\pgf@yy=\dimen151
\pgf@zx=\dimen152
\pgf@zy=\dimen153
)
(C:\Users\WDerricotte\AppData\Roaming\MiKTeX\2.9\tex\generic\pgf\basiclayer\pgf
corepathconstruct.code.tex
File: pgfcorepathconstruct.code.tex 2013/10/07  (rcs-revision 1.29)
\pgf@path@lastx=\dimen154
\pgf@path@lasty=\dimen155
)
(C:\Users\WDerricotte\AppData\Roaming\MiKTeX\2.9\tex\generic\pgf\basiclayer\pgf
corepathusage.code.tex
File: pgfcorepathusage.code.tex 2014/11/02  (rcs-revision 1.24)
\pgf@shorten@end@additional=\dimen156
\pgf@shorten@start@additional=\dimen157
)
(C:\Users\WDerricotte\AppData\Roaming\MiKTeX\2.9\tex\generic\pgf\basiclayer\pgf
corescopes.code.tex
File: pgfcorescopes.code.tex 2015/05/08  (rcs-revision 1.46)
\pgfpic=\box36
\pgf@hbox=\box37
\pgf@layerbox@main=\box38
\pgf@picture@serial@count=\count115
)
(C:\Users\WDerricotte\AppData\Roaming\MiKTeX\2.9\tex\generic\pgf\basiclayer\pgf
coregraphicstate.code.tex
File: pgfcoregraphicstate.code.tex 2014/11/02  (rcs-revision 1.12)
\pgflinewidth=\dimen158
)
(C:\Users\WDerricotte\AppData\Roaming\MiKTeX\2.9\tex\generic\pgf\basiclayer\pgf
coretransformations.code.tex
File: pgfcoretransformations.code.tex 2015/08/07  (rcs-revision 1.20)
\pgf@pt@x=\dimen159
\pgf@pt@y=\dimen160
\pgf@pt@temp=\dimen161
)
(C:\Users\WDerricotte\AppData\Roaming\MiKTeX\2.9\tex\generic\pgf\basiclayer\pgf
corequick.code.tex
File: pgfcorequick.code.tex 2008/10/09  (rcs-revision 1.3)
)
(C:\Users\WDerricotte\AppData\Roaming\MiKTeX\2.9\tex\generic\pgf\basiclayer\pgf
coreobjects.code.tex
File: pgfcoreobjects.code.tex 2006/10/11  (rcs-revision 1.2)
)
(C:\Users\WDerricotte\AppData\Roaming\MiKTeX\2.9\tex\generic\pgf\basiclayer\pgf
corepathprocessing.code.tex
File: pgfcorepathprocessing.code.tex 2013/09/09  (rcs-revision 1.9)
)
(C:\Users\WDerricotte\AppData\Roaming\MiKTeX\2.9\tex\generic\pgf\basiclayer\pgf
corearrows.code.tex
File: pgfcorearrows.code.tex 2015/05/14  (rcs-revision 1.43)
\pgfarrowsep=\dimen162
)
(C:\Users\WDerricotte\AppData\Roaming\MiKTeX\2.9\tex\generic\pgf\basiclayer\pgf
coreshade.code.tex
File: pgfcoreshade.code.tex 2013/07/15  (rcs-revision 1.15)
\pgf@max=\dimen163
\pgf@sys@shading@range@num=\count116
)
(C:\Users\WDerricotte\AppData\Roaming\MiKTeX\2.9\tex\generic\pgf\basiclayer\pgf
coreimage.code.tex
File: pgfcoreimage.code.tex 2013/07/15  (rcs-revision 1.18)

(C:\Users\WDerricotte\AppData\Roaming\MiKTeX\2.9\tex\generic\pgf\basiclayer\pgf
coreexternal.code.tex
File: pgfcoreexternal.code.tex 2014/07/09  (rcs-revision 1.21)
\pgfexternal@startupbox=\box39
))
(C:\Users\WDerricotte\AppData\Roaming\MiKTeX\2.9\tex\generic\pgf\basiclayer\pgf
corelayers.code.tex
File: pgfcorelayers.code.tex 2013/07/18  (rcs-revision 1.7)
)
(C:\Users\WDerricotte\AppData\Roaming\MiKTeX\2.9\tex\generic\pgf\basiclayer\pgf
coretransparency.code.tex
File: pgfcoretransparency.code.tex 2013/09/30  (rcs-revision 1.5)
)
(C:\Users\WDerricotte\AppData\Roaming\MiKTeX\2.9\tex\generic\pgf\basiclayer\pgf
corepatterns.code.tex
File: pgfcorepatterns.code.tex 2013/11/07  (rcs-revision 1.5)
)))
(C:\Users\WDerricotte\AppData\Roaming\MiKTeX\2.9\tex\latex\pgf\utilities\xxcolo
r.sty
Package: xxcolor 2003/10/24 ver 0.1
\XC@nummixins=\count117
\XC@countmixins=\count118
) ("C:\Program Files (x86)\MiKTeX 2.9\tex\generic\oberdiek\atbegshi.sty"
Package: atbegshi 2016/06/09 v1.18 At begin shipout hook (HO)
)
("C:\Program Files (x86)\MiKTeX 2.9\tex\latex\hyperref\hyperref.sty"
Package: hyperref 2016/06/24 v6.83q Hypertext links for LaTeX

("C:\Program Files (x86)\MiKTeX 2.9\tex\generic\oberdiek\hobsub-hyperref.sty"
Package: hobsub-hyperref 2016/05/16 v1.14 Bundle oberdiek, subset hyperref (HO)


("C:\Program Files (x86)\MiKTeX 2.9\tex\generic\oberdiek\hobsub-generic.sty"
Package: hobsub-generic 2016/05/16 v1.14 Bundle oberdiek, subset generic (HO)
Package: hobsub 2016/05/16 v1.14 Construct package bundles (HO)
Package hobsub Info: Skipping package `infwarerr' (already loaded).
Package hobsub Info: Skipping package `ltxcmds' (already loaded).
Package: ifluatex 2016/05/16 v1.4 Provides the ifluatex switch (HO)
Package ifluatex Info: LuaTeX not detected.
Package hobsub Info: Skipping package `ifvtex' (already loaded).
Package: intcalc 2016/05/16 v1.2 Expandable calculations with integers (HO)
Package hobsub Info: Skipping package `ifpdf' (already loaded).
Package: etexcmds 2016/05/16 v1.6 Avoid name clashes with e-TeX commands (HO)
Package etexcmds Info: Could not find \expanded.
(etexcmds)             That can mean that you are not using pdfTeX 1.50 or
(etexcmds)             that some package has redefined \expanded.
(etexcmds)             In the latter case, load this package earlier.
Package: kvsetkeys 2016/05/16 v1.17 Key value parser (HO)
Package: kvdefinekeys 2016/05/16 v1.4 Define keys (HO)
Package: pdftexcmds 2016/05/21 v0.22 Utility functions of pdfTeX for LuaTeX (HO
)
Package pdftexcmds Info: LuaTeX not detected.
Package pdftexcmds Info: \pdf@primitive is available.
Package pdftexcmds Info: \pdf@ifprimitive is available.
Package pdftexcmds Info: \pdfdraftmode found.
Package: pdfescape 2016/05/16 v1.14 Implements pdfTeX's escape features (HO)
Package: bigintcalc 2016/05/16 v1.4 Expandable calculations on big integers (HO
)
Package: bitset 2016/05/16 v1.2 Handle bit-vector datatype (HO)
Package: uniquecounter 2016/05/16 v1.3 Provide unlimited unique counter (HO)
)
Package hobsub Info: Skipping package `hobsub' (already loaded).
Package: letltxmacro 2016/05/16 v1.5 Let assignment for LaTeX macros (HO)
Package: hopatch 2016/05/16 v1.3 Wrapper for package hooks (HO)
Package: xcolor-patch 2016/05/16 xcolor patch
Package: atveryend 2016/05/16 v1.9 Hooks at the very end of document (HO)
Package hobsub Info: Skipping package `atbegshi' (already loaded).
Package: refcount 2016/05/16 v3.5 Data extraction from label references (HO)
Package: hycolor 2016/05/16 v1.8 Color options for hyperref/bookmark (HO)
)
("C:\Program Files (x86)\MiKTeX 2.9\tex\latex\oberdiek\auxhook.sty"
Package: auxhook 2016/05/16 v1.4 Hooks for auxiliary files (HO)
)
("C:\Program Files (x86)\MiKTeX 2.9\tex\latex\oberdiek\kvoptions.sty"
Package: kvoptions 2016/05/16 v3.12 Key value format for package options (HO)
)
\@linkdim=\dimen164
\Hy@linkcounter=\count119
\Hy@pagecounter=\count120

("C:\Program Files (x86)\MiKTeX 2.9\tex\latex\hyperref\pd1enc.def"
File: pd1enc.def 2016/06/24 v6.83q Hyperref: PDFDocEncoding definition (HO)
)
\Hy@SavedSpaceFactor=\count121

("C:\Program Files (x86)\MiKTeX 2.9\tex\latex\00miktex\hyperref.cfg"
File: hyperref.cfg 2002/06/06 v1.2 hyperref configuration of TeXLive
)
Package hyperref Info: Option `bookmarks' set `true' on input line 4362.
Package hyperref Info: Option `bookmarksopen' set `true' on input line 4362.
Package hyperref Info: Option `implicit' set `false' on input line 4362.
Package hyperref Info: Hyper figures OFF on input line 4486.
Package hyperref Info: Link nesting OFF on input line 4491.
Package hyperref Info: Hyper index ON on input line 4494.
Package hyperref Info: Plain pages OFF on input line 4501.
Package hyperref Info: Backreferencing OFF on input line 4506.
Package hyperref Info: Implicit mode OFF; no redefinition of LaTeX internals.
Package hyperref Info: Bookmarks ON on input line 4735.
\c@Hy@tempcnt=\count122

(C:\Users\WDerricotte\AppData\Roaming\MiKTeX\2.9\tex\latex\url\url.sty
\Urlmuskip=\muskip10
Package: url 2013/09/16  ver 3.4  Verb mode for urls, etc.
)
LaTeX Info: Redefining \url on input line 5088.
\XeTeXLinkMargin=\dimen165
\Fld@menulength=\count123
\Field@Width=\dimen166
\Fld@charsize=\dimen167
Package hyperref Info: Hyper figures OFF on input line 6342.
Package hyperref Info: Link nesting OFF on input line 6347.
Package hyperref Info: Hyper index ON on input line 6350.
Package hyperref Info: backreferencing OFF on input line 6357.
Package hyperref Info: Link coloring OFF on input line 6362.
Package hyperref Info: Link coloring with OCG OFF on input line 6367.
Package hyperref Info: PDF/A mode OFF on input line 6372.
LaTeX Info: Redefining \ref on input line 6412.
LaTeX Info: Redefining \pageref on input line 6416.
\Hy@abspage=\count124


Package hyperref Message: Stopped early.

)

Package hyperref Message: Driver (autodetected): hpdftex.

("C:\Program Files (x86)\MiKTeX 2.9\tex\latex\hyperref\hpdftex.def"
File: hpdftex.def 2016/06/24 v6.83q Hyperref driver for pdfTeX
\Fld@listcount=\count125
\c@bookmark@seq@number=\count126

("C:\Program Files (x86)\MiKTeX 2.9\tex\latex\oberdiek\rerunfilecheck.sty"
Package: rerunfilecheck 2016/05/16 v1.8 Rerun checks for auxiliary files (HO)
Package uniquecounter Info: New unique counter `rerunfilecheck' on input line 2
82.
))
(C:\Users\WDerricotte\AppData\Roaming\MiKTeX\2.9\tex\latex\beamer\beamerbasereq
uires.sty
(C:\Users\WDerricotte\AppData\Roaming\MiKTeX\2.9\tex\latex\beamer\beamerbasecom
patibility.sty)
(C:\Users\WDerricotte\AppData\Roaming\MiKTeX\2.9\tex\latex\beamer\beamerbasefon
t.sty ("C:\Program Files (x86)\MiKTeX 2.9\tex\latex\amsfonts\amssymb.sty"
Package: amssymb 2013/01/14 v3.01 AMS font symbols

("C:\Program Files (x86)\MiKTeX 2.9\tex\latex\amsfonts\amsfonts.sty"
Package: amsfonts 2013/01/14 v3.01 Basic AMSFonts support
\@emptytoks=\toks26
\symAMSa=\mathgroup4
\symAMSb=\mathgroup5
LaTeX Font Info:    Overwriting math alphabet `\mathfrak' in version `bold'
(Font)                  U/euf/m/n --> U/euf/b/n on input line 106.
))
(C:\Users\WDerricotte\AppData\Roaming\MiKTeX\2.9\tex\latex\sansmathaccent\sansm
athaccent.sty
Package: sansmathaccent 2013/03/28

(C:\Users\WDerricotte\AppData\Roaming\MiKTeX\2.9\tex\latex\filehook\filehook.st
y
Package: filehook 2011/10/12 v0.5d Hooks for input files
)))
(C:\Users\WDerricotte\AppData\Roaming\MiKTeX\2.9\tex\latex\beamer\beamerbasetra
nslator.sty
(C:\Users\WDerricotte\AppData\Roaming\MiKTeX\2.9\tex\latex\beamer\translator\tr
anslator.sty
Package: translator 2010/06/12 ver 1.10

(C:\Users\WDerricotte\AppData\Roaming\MiKTeX\2.9\tex\latex\beamer\translator\tr
anslator-language-mappings.tex)))
(C:\Users\WDerricotte\AppData\Roaming\MiKTeX\2.9\tex\latex\beamer\beamerbasemis
c.sty)
(C:\Users\WDerricotte\AppData\Roaming\MiKTeX\2.9\tex\latex\beamer\beamerbasetwo
screens.sty)
(C:\Users\WDerricotte\AppData\Roaming\MiKTeX\2.9\tex\latex\beamer\beamerbaseove
rlay.sty
\beamer@argscount=\count127
\beamer@lastskipcover=\skip44
\beamer@trivlistdepth=\count128
)
(C:\Users\WDerricotte\AppData\Roaming\MiKTeX\2.9\tex\latex\beamer\beamerbasetit
le.sty)
(C:\Users\WDerricotte\AppData\Roaming\MiKTeX\2.9\tex\latex\beamer\beamerbasesec
tion.sty
\c@lecture=\count129
\c@part=\count130
\c@section=\count131
\c@subsection=\count132
\c@subsubsection=\count133
)
(C:\Users\WDerricotte\AppData\Roaming\MiKTeX\2.9\tex\latex\beamer\beamerbasefra
me.sty
\beamer@framebox=\box40
\beamer@frametitlebox=\box41
\beamer@zoombox=\box42
\beamer@zoomcount=\count134
\beamer@zoomframecount=\count135
\beamer@frametextheight=\dimen168
\c@subsectionslide=\count136
\beamer@frametopskip=\skip45
\beamer@framebottomskip=\skip46
\beamer@frametopskipautobreak=\skip47
\beamer@framebottomskipautobreak=\skip48
\beamer@envbody=\toks27
\framewidth=\dimen169
\c@framenumber=\count137
)
(C:\Users\WDerricotte\AppData\Roaming\MiKTeX\2.9\tex\latex\beamer\beamerbasever
batim.sty
\beamer@verbatimfileout=\write4
)
(C:\Users\WDerricotte\AppData\Roaming\MiKTeX\2.9\tex\latex\beamer\beamerbasefra
mesize.sty
\beamer@splitbox=\box43
\beamer@autobreakcount=\count138
\beamer@autobreaklastheight=\dimen170
\beamer@frametitletoks=\toks28
\beamer@framesubtitletoks=\toks29
)
(C:\Users\WDerricotte\AppData\Roaming\MiKTeX\2.9\tex\latex\beamer\beamerbasefra
mecomponents.sty
\beamer@footins=\box44
)
(C:\Users\WDerricotte\AppData\Roaming\MiKTeX\2.9\tex\latex\beamer\beamerbasecol
or.sty)
(C:\Users\WDerricotte\AppData\Roaming\MiKTeX\2.9\tex\latex\beamer\beamerbasenot
es.sty
\beamer@frameboxcopy=\box45
)
(C:\Users\WDerricotte\AppData\Roaming\MiKTeX\2.9\tex\latex\beamer\beamerbasetoc
.sty)
(C:\Users\WDerricotte\AppData\Roaming\MiKTeX\2.9\tex\latex\beamer\beamerbasetem
plates.sty
\beamer@sbttoks=\toks30

(C:\Users\WDerricotte\AppData\Roaming\MiKTeX\2.9\tex\latex\beamer\beamerbaseaux
templates.sty
(C:\Users\WDerricotte\AppData\Roaming\MiKTeX\2.9\tex\latex\beamer\beamerbasebox
es.sty
\bmb@box=\box46
\bmb@colorbox=\box47
\bmb@boxshadow=\box48
\bmb@boxshadowball=\box49
\bmb@boxshadowballlarge=\box50
\bmb@temp=\dimen171
\bmb@dima=\dimen172
\bmb@dimb=\dimen173
\bmb@prevheight=\dimen174
)
\beamer@blockheadheight=\dimen175
))
(C:\Users\WDerricotte\AppData\Roaming\MiKTeX\2.9\tex\latex\beamer\beamerbaseloc
alstructure.sty
("C:\Program Files (x86)\MiKTeX 2.9\tex\latex\tools\enumerate.sty"
Package: enumerate 2015/07/23 v3.00 enumerate extensions (DPC)
\@enLab=\toks31
)
\c@figure=\count139
\c@table=\count140
\abovecaptionskip=\skip49
\belowcaptionskip=\skip50
)
(C:\Users\WDerricotte\AppData\Roaming\MiKTeX\2.9\tex\latex\beamer\beamerbasenav
igation.sty
\beamer@section@min@dim=\dimen176
)
(C:\Users\WDerricotte\AppData\Roaming\MiKTeX\2.9\tex\latex\beamer\beamerbasethe
orems.sty ("C:\Program Files (x86)\MiKTeX 2.9\tex\latex\amsmath\amsmath.sty"
Package: amsmath 2016/06/28 v2.15d AMS math features
\@mathmargin=\skip51

For additional information on amsmath, use the `?' option.
("C:\Program Files (x86)\MiKTeX 2.9\tex\latex\amsmath\amstext.sty"
Package: amstext 2000/06/29 v2.01 AMS text

("C:\Program Files (x86)\MiKTeX 2.9\tex\latex\amsmath\amsgen.sty"
File: amsgen.sty 1999/11/30 v2.0 generic functions
\@emptytoks=\toks32
\ex@=\dimen177
))
("C:\Program Files (x86)\MiKTeX 2.9\tex\latex\amsmath\amsbsy.sty"
Package: amsbsy 1999/11/29 v1.2d Bold Symbols
\pmbraise@=\dimen178
)
("C:\Program Files (x86)\MiKTeX 2.9\tex\latex\amsmath\amsopn.sty"
Package: amsopn 2016/03/08 v2.02 operator names
)
\inf@bad=\count141
LaTeX Info: Redefining \frac on input line 199.
\uproot@=\count142
\leftroot@=\count143
LaTeX Info: Redefining \overline on input line 297.
\classnum@=\count144
\DOTSCASE@=\count145
LaTeX Info: Redefining \ldots on input line 394.
LaTeX Info: Redefining \dots on input line 397.
LaTeX Info: Redefining \cdots on input line 518.
\Mathstrutbox@=\box51
\strutbox@=\box52
\big@size=\dimen179
LaTeX Font Info:    Redeclaring font encoding OML on input line 634.
LaTeX Font Info:    Redeclaring font encoding OMS on input line 635.
\macc@depth=\count146
\c@MaxMatrixCols=\count147
\dotsspace@=\muskip11
\c@parentequation=\count148
\dspbrk@lvl=\count149
\tag@help=\toks33
\row@=\count150
\column@=\count151
\maxfields@=\count152
\andhelp@=\toks34
\eqnshift@=\dimen180
\alignsep@=\dimen181
\tagshift@=\dimen182
\tagwidth@=\dimen183
\totwidth@=\dimen184
\lineht@=\dimen185
\@envbody=\toks35
\multlinegap=\skip52
\multlinetaggap=\skip53
\mathdisplay@stack=\toks36
LaTeX Info: Redefining \[ on input line 2739.
LaTeX Info: Redefining \] on input line 2740.
)
("C:\Program Files (x86)\MiKTeX 2.9\tex\latex\amscls\amsthm.sty"
Package: amsthm 2015/03/04 v2.20.2
\thm@style=\toks37
\thm@bodyfont=\toks38
\thm@headfont=\toks39
\thm@notefont=\toks40
\thm@headpunct=\toks41
\thm@preskip=\skip54
\thm@postskip=\skip55
\thm@headsep=\skip56
\dth@everypar=\toks42
)
\c@theorem=\count153
)
(C:\Users\WDerricotte\AppData\Roaming\MiKTeX\2.9\tex\latex\beamer\beamerbasethe
mes.sty))
(C:\Users\WDerricotte\AppData\Roaming\MiKTeX\2.9\tex\latex\beamer\themes\theme\
beamerthemedefault.sty
(C:\Users\WDerricotte\AppData\Roaming\MiKTeX\2.9\tex\latex\beamer\themes\font\b
eamerfontthemedefault.sty)
(C:\Users\WDerricotte\AppData\Roaming\MiKTeX\2.9\tex\latex\beamer\themes\color\
beamercolorthemedefault.sty)
(C:\Users\WDerricotte\AppData\Roaming\MiKTeX\2.9\tex\latex\beamer\themes\inner\
beamerinnerthemedefault.sty
\beamer@dima=\dimen186
\beamer@dimb=\dimen187
)
(C:\Users\WDerricotte\AppData\Roaming\MiKTeX\2.9\tex\latex\beamer\themes\outer\
beamerouterthemedefault.sty)))
(C:\Users\WDerricotte\AppData\Roaming\MiKTeX\2.9\tex\latex\beamer\themes\theme\
beamerthemeBoadilla.sty
(C:\Users\WDerricotte\AppData\Roaming\MiKTeX\2.9\tex\latex\beamer\themes\color\
beamercolorthemerose.sty)
(C:\Users\WDerricotte\AppData\Roaming\MiKTeX\2.9\tex\latex\beamer\themes\inner\
beamerinnerthemerounded.sty)
(C:\Users\WDerricotte\AppData\Roaming\MiKTeX\2.9\tex\latex\beamer\themes\color\
beamercolorthemedolphin.sty)
(C:\Users\WDerricotte\AppData\Roaming\MiKTeX\2.9\tex\latex\beamer\themes\outer\
beamerouterthemeinfolines.sty))
(C:\Users\WDerricotte\AppData\Roaming\MiKTeX\2.9\tex\latex\beamer\themes\font\b
eamerfontthemeserif.sty)
("C:\Program Files (x86)\MiKTeX 2.9\tex\generic\babel\babel.sty"
Package: babel 2016/04/23 3.9r The Babel package

*************************************
* Local config file bblopts.cfg used
*
(C:\Users\WDerricotte\AppData\Roaming\MiKTeX\2.9\tex\latex\arabi\bblopts.cfg
File: bblopts.cfg 2005/09/08 v0.1 add Arabic and Farsi to "declared" options of
 babel
)
("C:\Program Files (x86)\MiKTeX 2.9\tex\latex\babel-english\english.ldf"
Language: english 2012/08/20 v3.3p English support from the babel system

("C:\Program Files (x86)\MiKTeX 2.9\tex\generic\babel\babel.def"
File: babel.def 2016/04/23 3.9r Babel common definitions
\babel@savecnt=\count154
\U@D=\dimen188
LaTeX Info: Redefining \textlatin on input line 1448.
)
\l@canadian = a dialect from \language\l@american 
\l@australian = a dialect from \language\l@british 
\l@newzealand = a dialect from \language\l@british 
))
("C:\Program Files (x86)\MiKTeX 2.9\tex\latex\base\inputenc.sty"
Package: inputenc 2015/03/17 v1.2c Input encoding file
\inpenc@prehook=\toks43
\inpenc@posthook=\toks44

(C:\Users\WDerricotte\AppData\Roaming\MiKTeX\2.9\tex\latex\ucs\utf8x.def
File: utf8x.def 2004/10/17 UCS: Input encoding UTF-8
))
(C:\Users\WDerricotte\AppData\Roaming\MiKTeX\2.9\tex\latex\ucs\ucs.sty
Package: ucs 2013/05/11 v2.2 UCS: Unicode input support

(C:\Users\WDerricotte\AppData\Roaming\MiKTeX\2.9\tex\latex\ucs\uni-global.def
File: uni-global.def 2013/05/13 UCS: Unicode global data
)
\uc@secondtry=\count155
\uc@combtoks=\toks45
\uc@combtoksb=\toks46
\uc@temptokena=\toks47
) (C:\Users\WDerricotte\AppData\Roaming\MiKTeX\2.9\tex\latex\caption\caption.st
y
Package: caption 2016/02/21 v3.3-144 Customizing captions (AR)

(C:\Users\WDerricotte\AppData\Roaming\MiKTeX\2.9\tex\latex\caption\caption3.sty
Package: caption3 2016/05/22 v1.7-166 caption3 kernel (AR)
Package caption3 Info: TeX engine: e-TeX on input line 67.
\captionmargin=\dimen189
\captionmargin@=\dimen190
\captionwidth=\dimen191
\caption@tempdima=\dimen192
\caption@indent=\dimen193
\caption@parindent=\dimen194
\caption@hangindent=\dimen195
)
\c@ContinuedFloat=\count156
Package caption Info: beamer document class.
Package caption Info: hyperref package is loaded.
Package caption Info: Hyperref support is turned off
(caption)             because hyperref has stopped early.
)
(C:\Users\WDerricotte\AppData\Roaming\MiKTeX\2.9\tex\latex\booktabs\booktabs.st
y
Package: booktabs 2005/04/14 v1.61803 publication quality tables
\heavyrulewidth=\dimen196
\lightrulewidth=\dimen197
\cmidrulewidth=\dimen198
\belowrulesep=\dimen199
\belowbottomsep=\dimen256
\aboverulesep=\dimen257
\abovetopsep=\dimen258
\cmidrulesep=\dimen259
\cmidrulekern=\dimen260
\defaultaddspace=\dimen261
\@cmidla=\count157
\@cmidlb=\count158
\@aboverulesep=\dimen262
\@belowrulesep=\dimen263
\@thisruleclass=\count159
\@lastruleclass=\count160
\@thisrulewidth=\dimen264
) (C:\Users\WDerricotte\AppData\Roaming\MiKTeX\2.9\tex\latex\natbib\natbib.sty
Package: natbib 2010/09/13 8.31b (PWD, AO)
\bibhang=\skip57
\bibsep=\skip58
LaTeX Info: Redefining \cite on input line 694.
\c@NAT@ctr=\count161
) ("C:\Program Files (x86)\MiKTeX 2.9\tex\latex\multirow\multirow.sty"
\bigstrutjot=\dimen265
)
("C:\Program Files (x86)\MiKTeX 2.9\tex\latex\base\ifthen.sty"
Package: ifthen 2014/09/29 v1.1c Standard LaTeX ifthen package (DPC)
)
(C:\Users\WDerricotte\AppData\Roaming\MiKTeX\2.9\tex\latex\natbib\bibentry.sty
Package: bibentry 2007/10/30 1.5 (PWD)
) ("C:\Program Files (x86)\MiKTeX 2.9\tex\latex\tools\array.sty"
Package: array 2014/10/28 v2.4c Tabular extension package (FMi)
\col@sep=\dimen266
\extrarowheight=\dimen267
\NC@list=\toks48
\extratabsurround=\skip59
\backup@length=\skip60
)
(C:\Users\WDerricotte\AppData\Roaming\MiKTeX\2.9\tex\latex\chngcntr\chngcntr.st
y
Package: chngcntr 2009/09/02 v1.0a change counter resetting
) (defense_presentation.aux

! Package natbib Error: Bibliography not compatible with author-year citations.

(natbib)                Press <return> to continue in numerical citation style.


See the natbib package documentation for explanation.
Type  H <return>  for immediate help.
 ...                                              
                                                  
l.157 ...and\NAT@force@numbers{}\NAT@force@numbers
                                                  
? 
)
\openout1 = `defense_presentation.aux'.

LaTeX Font Info:    Checking defaults for OML/cmm/m/it on input line 96.
LaTeX Font Info:    ... okay on input line 96.
LaTeX Font Info:    Checking defaults for T1/cmr/m/n on input line 96.
LaTeX Font Info:    ... okay on input line 96.
LaTeX Font Info:    Checking defaults for OT1/cmr/m/n on input line 96.
LaTeX Font Info:    ... okay on input line 96.
LaTeX Font Info:    Checking defaults for OMS/cmsy/m/n on input line 96.
LaTeX Font Info:    ... okay on input line 96.
LaTeX Font Info:    Checking defaults for OMX/cmex/m/n on input line 96.
LaTeX Font Info:    ... okay on input line 96.
LaTeX Font Info:    Checking defaults for U/cmr/m/n on input line 96.
LaTeX Font Info:    ... okay on input line 96.
LaTeX Font Info:    Checking defaults for PD1/pdf/m/n on input line 96.
LaTeX Font Info:    ... okay on input line 96.

*geometry* driver: auto-detecting
*geometry* detected driver: pdftex
*geometry* verbose mode - [ preamble ] result:
* driver: pdftex
* paper: custom
* layout: <same size as paper>
* layoutoffset:(h,v)=(0.0pt,0.0pt)
* modes: includehead includefoot 
* h-part:(L,W,R)=(10.95003pt, 342.2953pt, 10.95003pt)
* v-part:(T,H,B)=(0.0pt, 273.14662pt, 0.0pt)
* \paperwidth=364.19536pt
* \paperheight=273.14662pt
* \textwidth=342.2953pt
* \textheight=244.6939pt
* \oddsidemargin=-61.31996pt
* \evensidemargin=-61.31996pt
* \topmargin=-72.26999pt
* \headheight=14.22636pt
* \headsep=0.0pt
* \topskip=11.0pt
* \footskip=14.22636pt
* \marginparwidth=4.0pt
* \marginparsep=10.0pt
* \columnsep=10.0pt
* \skip\footins=10.0pt plus 4.0pt minus 2.0pt
* \hoffset=0.0pt
* \voffset=0.0pt
* \mag=1000
* \@twocolumnfalse
* \@twosidefalse
* \@mparswitchfalse
* \@reversemarginfalse
* (1in=72.27pt=25.4mm, 1cm=28.453pt)


(C:\Users\WDerricotte\AppData\Roaming\MiKTeX\2.9\tex\context\base\supp-pdf.mkii
[Loading MPS to PDF converter (version 2006.09.02).]
\scratchcounter=\count162
\scratchdimen=\dimen268
\scratchbox=\box53
\nofMPsegments=\count163
\nofMParguments=\count164
\everyMPshowfont=\toks49
\MPscratchCnt=\count165
\MPscratchDim=\dimen269
\MPnumerator=\count166
\makeMPintoPDFobject=\count167
\everyMPtoPDFconversion=\toks50
) ("C:\Program Files (x86)\MiKTeX 2.9\tex\latex\oberdiek\epstopdf-base.sty"
Package: epstopdf-base 2016/05/15 v2.6 Base part for package epstopdf

("C:\Program Files (x86)\MiKTeX 2.9\tex\latex\oberdiek\grfext.sty"
Package: grfext 2016/05/16 v1.2 Manage graphics extensions (HO)
)
Package epstopdf-base Info: Redefining graphics rule for `.eps' on input line 4
38.
Package grfext Info: Graphics extension search list:
(grfext)             [.png,.pdf,.jpg,.mps,.jpeg,.jbig2,.jb2,.PNG,.PDF,.JPG,.JPE
G,.JBIG2,.JB2,.eps]
(grfext)             \AppendGraphicsExtensions on input line 456.
)
ABD: EveryShipout initializing macros
\AtBeginShipoutBox=\box54
Package hyperref Info: Link coloring OFF on input line 96.

("C:\Program Files (x86)\MiKTeX 2.9\tex\latex\hyperref\nameref.sty"
Package: nameref 2016/05/21 v2.44 Cross-referencing by name of section

("C:\Program Files (x86)\MiKTeX 2.9\tex\generic\oberdiek\gettitlestring.sty"
Package: gettitlestring 2016/05/16 v1.5 Cleanup title references (HO)
)
\c@section@level=\count168
)
LaTeX Info: Redefining \ref on input line 96.
LaTeX Info: Redefining \pageref on input line 96.
LaTeX Info: Redefining \nameref on input line 96.

(defense_presentation.out) (defense_presentation.out)
\@outlinefile=\write5
\openout5 = `defense_presentation.out'.


(C:\Users\WDerricotte\AppData\Roaming\MiKTeX\2.9\tex\latex\beamer\translator\di
cts\translator-basic-dictionary\translator-basic-dictionary-English.dict
Dictionary: translator-basic-dictionary, Language: English 
)
(C:\Users\WDerricotte\AppData\Roaming\MiKTeX\2.9\tex\latex\beamer\translator\di
cts\translator-bibliography-dictionary\translator-bibliography-dictionary-Engli
sh.dict
Dictionary: translator-bibliography-dictionary, Language: English 
)
(C:\Users\WDerricotte\AppData\Roaming\MiKTeX\2.9\tex\latex\beamer\translator\di
cts\translator-environment-dictionary\translator-environment-dictionary-English
.dict
Dictionary: translator-environment-dictionary, Language: English 
)
(C:\Users\WDerricotte\AppData\Roaming\MiKTeX\2.9\tex\latex\beamer\translator\di
cts\translator-months-dictionary\translator-months-dictionary-English.dict
Dictionary: translator-months-dictionary, Language: English 
)
(C:\Users\WDerricotte\AppData\Roaming\MiKTeX\2.9\tex\latex\beamer\translator\di
cts\translator-numbers-dictionary\translator-numbers-dictionary-English.dict
Dictionary: translator-numbers-dictionary, Language: English 
)
(C:\Users\WDerricotte\AppData\Roaming\MiKTeX\2.9\tex\latex\beamer\translator\di
cts\translator-theorem-dictionary\translator-theorem-dictionary-English.dict
Dictionary: translator-theorem-dictionary, Language: English 
)
LaTeX Info: Redefining \includegraphics on input line 96.

(C:\Users\WDerricotte\AppData\Roaming\MiKTeX\2.9\tex\latex\ucs\ucsencs.def
File: ucsencs.def 2011/01/21 Fixes to fontencodings LGR, T3
)
Package caption Info: Begin \AtBeginDocument code.
Package caption Info: End \AtBeginDocument code.

(defense_presentation.nav) (defense_presentation.bbl)

LaTeX Font Warning: Font shape `OT1/cmss/m/n' in size <4> not available
(Font)              size <5> substituted on input line 101.

[1

{C:/Users/WDerricotte/AppData/Local/MiKTeX/2.9/pdftex/config/pdftex.map}]
<figures/core_mechanism_1.pdf, id=24, 437.31882pt x 180.675pt>
File: figures/core_mechanism_1.pdf Graphic file (type pdf)

<use figures/core_mechanism_1.pdf>
Package pdftex.def Info: figures/core_mechanism_1.pdf used on input line 111.
(pdftex.def)             Requested size: 306.12108pt x 126.47162pt.
 [2

 <./figures/core_mechanism_1.pdf>]
<figures/core_mechanism_2.pdf, id=456, 437.31882pt x 180.675pt>
File: figures/core_mechanism_2.pdf Graphic file (type pdf)

<use figures/core_mechanism_2.pdf>
Package pdftex.def Info: figures/core_mechanism_2.pdf used on input line 125.
(pdftex.def)             Requested size: 306.12108pt x 126.47162pt.
LaTeX Font Info:    Try loading font information for U+msa on input line 125.

("C:\Program Files (x86)\MiKTeX 2.9\tex\latex\amsfonts\umsa.fd"
File: umsa.fd 2013/01/14 v3.01 AMS symbols A
)
LaTeX Font Info:    Try loading font information for U+msb on input line 125.

("C:\Program Files (x86)\MiKTeX 2.9\tex\latex\amsfonts\umsb.fd"
File: umsb.fd 2013/01/14 v3.01 AMS symbols B
)
(C:\Users\WDerricotte\AppData\Roaming\MiKTeX\2.9\tex\latex\ucs\uni-0.def
File: uni-0.def 2013/05/13 UCS: Unicode data U+0000..U+00FF
)
[3

 <./figures/core_mechanism_2.pdf>]
<figures/fine_structure.pdf, id=892, 469.755pt x 180.675pt>
File: figures/fine_structure.pdf Graphic file (type pdf)

<use figures/fine_structure.pdf>
Package pdftex.def Info: figures/fine_structure.pdf used on input line 136.
(pdftex.def)             Requested size: 328.82626pt x 126.47162pt.


Package natbib Warning: Citation `teo_exafs:_2012' undefined on input line 136.


[4

 <./figures/fine_structure.pdf>]
<figures/core_hole_generation_1.pdf, id=930, 209.12775pt x 180.675pt>
File: figures/core_hole_generation_1.pdf Graphic file (type pdf)

<use figures/core_hole_generation_1.pdf>
Package pdftex.def Info: figures/core_hole_generation_1.pdf used on input line 
149.
(pdftex.def)             Requested size: 146.38841pt x 126.47162pt.
 [5

 <./figures/core_hole_generation_1.pdf>] <figures/core_hole_generation_2.pdf, i
d=1357, 209.12776pt x 180.675pt>
File: figures/core_hole_generation_2.pdf Graphic file (type pdf)

<use figures/core_hole_generation_2.pdf>
Package pdftex.def Info: figures/core_hole_generation_2.pdf used on input line 
160.
(pdftex.def)             Requested size: 146.38843pt x 126.47162pt.
 [6

 <./figures/core_hole_generation_2.pdf>] <figures/relativistic_contraction.pdf,
 id=1787, 289.08pt x 180.675pt>
File: figures/relativistic_contraction.pdf Graphic file (type pdf)

<use figures/relativistic_contraction.pdf>
Package pdftex.def Info: figures/relativistic_contraction.pdf used on input lin
e 171.
(pdftex.def)             Requested size: 231.2643pt x 144.54018pt.
 [7

 <./figures/relativistic_contraction.pdf>]

Package natbib Warning: Citation `reiher_douglaskrollhess_2006' undefined on in
put line 192.

[8

] <figures/ocdft_fig.jpeg, id=1814, 187.4202pt x 105.7551pt>
File: figures/ocdft_fig.jpeg Graphic file (type jpg)

<use figures/ocdft_fig.jpeg>
Package pdftex.def Info: figures/ocdft_fig.jpeg used on input line 206.
(pdftex.def)             Requested size: 187.41974pt x 105.75484pt.
 [9

 <./figures/ocdft_fig.jpeg>]
File: figures/ocdft_fig.jpeg Graphic file (type jpg)

<use figures/ocdft_fig.jpeg>
Package pdftex.def Info: figures/ocdft_fig.jpeg used on input line 220.
(pdftex.def)             Requested size: 187.41974pt x 105.75484pt.
 [10

]
<figures/h_p_algorithms.pdf, id=1829, 419.166pt x 122.63138pt>
File: figures/h_p_algorithms.pdf Graphic file (type pdf)

<use figures/h_p_algorithms.pdf>
Package pdftex.def Info: figures/h_p_algorithms.pdf used on input line 232.
(pdftex.def)             Requested size: 293.4142pt x 85.84137pt.
 [11

 <./figures/h_p_algorithms.pdf>] [12

]
[13

] <figures/CMHP_alg1.pdf, id=1869, 519.26295pt x 174.88884pt>
File: figures/CMHP_alg1.pdf Graphic file (type pdf)

<use figures/CMHP_alg1.pdf>
Package pdftex.def Info: figures/CMHP_alg1.pdf used on input line 256.
(pdftex.def)             Requested size: 337.5169pt x 113.67639pt.
 [14

 <./figures/CMHP_alg1.pdf>]
<figures/CMHP_alg2.pdf, id=1926, 519.26295pt x 174.88884pt>
File: figures/CMHP_alg2.pdf Graphic file (type pdf)

<use figures/CMHP_alg2.pdf>
Package pdftex.def Info: figures/CMHP_alg2.pdf used on input line 269.
(pdftex.def)             Requested size: 337.5169pt x 113.67639pt.
 [15

 <./figures/CMHP_alg2.pdf>]
<figures/CMHP_alg3.pdf, id=2025, 519.26295pt x 174.88884pt>
File: figures/CMHP_alg3.pdf Graphic file (type pdf)

<use figures/CMHP_alg3.pdf>
Package pdftex.def Info: figures/CMHP_alg3.pdf used on input line 281.
(pdftex.def)             Requested size: 337.5169pt x 113.67639pt.
 [16

 <./figures/CMHP_alg3.pdf>]
<figures/ocdft_tddft_histogram.pdf, id=2079, 250.38445pt x 142.26349pt>
File: figures/ocdft_tddft_histogram.pdf Graphic file (type pdf)

<use figures/ocdft_tddft_histogram.pdf>
Package pdftex.def Info: figures/ocdft_tddft_histogram.pdf used on input line 3
07.
(pdftex.def)             Requested size: 212.82777pt x 120.92451pt.
 [17

 <./figures/ocdft_tddft_histogram.pdf>] [18

] <figures/thymine_all_spec.pdf, id=2171, 547.71582pt x 174.88884pt>
File: figures/thymine_all_spec.pdf Graphic file (type pdf)

<use figures/thymine_all_spec.pdf>
Package pdftex.def Info: figures/thymine_all_spec.pdf used on input line 333.
(pdftex.def)             Requested size: 356.01106pt x 113.67639pt.

Overfull \hbox (13.71576pt too wide) in paragraph at lines 333--333
 [] 
 []

[19

 <./figures/thymine_all_spec.pdf>] [20

] [21

] [22

] [23

]
<figures/figure_3.pdf, id=2224, 238.49101pt x 247.44847pt>
File: figures/figure_3.pdf Graphic file (type pdf)

<use figures/figure_3.pdf>
Package pdftex.def Info: figures/figure_3.pdf used on input line 470.
(pdftex.def)             Requested size: 178.86781pt x 185.58589pt.

Overfull \hbox (7.72017pt too wide) in paragraph at lines 470--470
 [] 
 []

[24

 <./figures/figure_3.pdf>] [25

]
<figures/Ti_structs.png, id=2258, 642.60075pt x 229.45724pt>
File: figures/Ti_structs.png Graphic file (type png)

<use figures/Ti_structs.png>
Package pdftex.def Info: figures/Ti_structs.png used on input line 521.
(pdftex.def)             Requested size: 192.78171pt x 68.83769pt.
 [26

 <./figures/Ti_structs.png>]
<figures/ti_pre_edge_1.pdf, id=2270, 238.49101pt x 180.17313pt>
File: figures/ti_pre_edge_1.pdf Graphic file (type pdf)

<use figures/ti_pre_edge_1.pdf>
Package pdftex.def Info: figures/ti_pre_edge_1.pdf used on input line 530.
(pdftex.def)             Requested size: 238.49042pt x 180.17267pt.
 [27

 <./figures/ti_pre_edge_1.pdf>]
<figures/ti_pre_edge_2.pdf, id=2300, 238.49101pt x 180.17313pt>
File: figures/ti_pre_edge_2.pdf Graphic file (type pdf)

<use figures/ti_pre_edge_2.pdf>
Package pdftex.def Info: figures/ti_pre_edge_2.pdf used on input line 539.
(pdftex.def)             Requested size: 238.49042pt x 180.17267pt.
 [28

 <./figures/ti_pre_edge_2.pdf>]
<figures/ticl4_preedge.png, id=2327, 2087.6394pt x 471.2004pt>
File: figures/ticl4_preedge.png Graphic file (type png)

<use figures/ticl4_preedge.png>
Package pdftex.def Info: figures/ticl4_preedge.png used on input line 563.
(pdftex.def)             Requested size: 313.1324pt x 70.677pt.
 [29

 <./figures/ticl4_preedge.png>]
<figures/ticpcl3_preedge.png, id=2336, 2087.6394pt x 471.2004pt>
File: figures/ticpcl3_preedge.png Graphic file (type png)

<use figures/ticpcl3_preedge.png>
Package pdftex.def Info: figures/ticpcl3_preedge.png used on input line 587.
(pdftex.def)             Requested size: 313.1324pt x 70.677pt.
 [30

 <./figures/ticpcl3_preedge.png>]
<figures/ticp2cl2_preedge.png, id=2344, 2087.6394pt x 471.2004pt>
File: figures/ticp2cl2_preedge.png Graphic file (type png)

<use figures/ticp2cl2_preedge.png>
Package pdftex.def Info: figures/ticp2cl2_preedge.png used on input line 611.
(pdftex.def)             Requested size: 313.1324pt x 70.677pt.
 [31

 <./figures/ticp2cl2_preedge.png>]
[32

] [33

] <figures/livvo_procedure_1.png, id=2368, 397.485pt x 230.3004pt>
File: figures/livvo_procedure_1.png Graphic file (type png)

<use figures/livvo_procedure_1.png>
Package pdftex.def Info: figures/livvo_procedure_1.png used on input line 676.
(pdftex.def)             Requested size: 256.72147pt x 148.74818pt.

Overfull \vbox (9.59366pt too high) detected at line 676
 []

[34

 <./figures/livvo_procedure_1.png>]
<figures/livvo_procedure_2.png, id=2376, 397.485pt x 230.3004pt>
File: figures/livvo_procedure_2.png Graphic file (type png)

<use figures/livvo_procedure_2.png>
Package pdftex.def Info: figures/livvo_procedure_2.png used on input line 688.
(pdftex.def)             Requested size: 256.72147pt x 148.74818pt.
 [35

 <./figures/livvo_procedure_2.png>]
File: figures/livvo_procedure_2.png Graphic file (type png)

<use figures/livvo_procedure_2.png>
Package pdftex.def Info: figures/livvo_procedure_2.png used on input line 701.
(pdftex.def)             Requested size: 256.72147pt x 148.74818pt.
 [36

]
<figures/livvo_procedure_3.png, id=2390, 397.485pt x 230.3004pt>
File: figures/livvo_procedure_3.png Graphic file (type png)

<use figures/livvo_procedure_3.png>
Package pdftex.def Info: figures/livvo_procedure_3.png used on input line 714.
(pdftex.def)             Requested size: 256.72147pt x 148.74818pt.

Overfull \vbox (3.52913pt too high) detected at line 714
 []

[37

 <./figures/livvo_procedure_3.png>]
<figures/livvo_procedure_4.png, id=2399, 397.485pt x 230.3004pt>
File: figures/livvo_procedure_4.png Graphic file (type png)

<use figures/livvo_procedure_4.png>
Package pdftex.def Info: figures/livvo_procedure_4.png used on input line 723.
(pdftex.def)             Requested size: 256.72147pt x 148.74818pt.
 [38

 <./figures/livvo_procedure_4.png>]
<figures/water_IAOs.png, id=2407, 180.675pt x 118.5228pt>
File: figures/water_IAOs.png Graphic file (type png)

<use figures/water_IAOs.png>
Package pdftex.def Info: figures/water_IAOs.png used on input line 767.
(pdftex.def)             Requested size: 108.40582pt x 71.11421pt.

Overfull \vbox (1.51248pt too high) detected at line 767
 []

[39

 <./figures/water_IAOs.png>]
<figures/img_1a.png, id=2416, 128.48pt x 78.2925pt>
File: figures/img_1a.png Graphic file (type png)
 <use figures/img_1a.png>
Package pdftex.def Info: figures/img_1a.png used on input line 787.
(pdftex.def)             Requested size: 71.13188pt x 43.34651pt.

<figures/img_1b.png, id=2417, 123.46124pt x 92.345pt>
File: figures/img_1b.png Graphic file (type png)
 <use figures/img_1b.png>
Package pdftex.def Info: figures/img_1b.png used on input line 787.
(pdftex.def)             Requested size: 64.01869pt x 47.8858pt.
File: figures/img_1a.png Graphic file (type png)

<use figures/img_1a.png>
Package pdftex.def Info: figures/img_1a.png used on input line 787.
(pdftex.def)             Requested size: 71.13188pt x 43.34651pt.
File: figures/img_1b.png Graphic file (type png)
 <use figures/img_1b.png>
Package pdftex.def Info: figures/img_1b.png used on input line 787.
(pdftex.def)             Requested size: 64.01869pt x 47.8858pt.
 [40

 <./figures/img_1a.png> <./figures/img_1b.png>]
<figures/water_example.pdf, id=2426, 304.15996pt x 58.72649pt>
File: figures/water_example.pdf Graphic file (type pdf)

<use figures/water_example.pdf>
Package pdftex.def Info: figures/water_example.pdf used on input line 806.
(pdftex.def)             Requested size: 308.06367pt x 59.47993pt.
 [41

 <./figures/water_example.pdf>]
<figures/ethane_benzenethiol_header.pdf, id=2470, 397.485pt x 230.52824pt>
File: figures/ethane_benzenethiol_header.pdf Graphic file (type pdf)

<use figures/ethane_benzenethiol_header.pdf>
Package pdftex.def Info: figures/ethane_benzenethiol_header.pdf used on input l
ine 815.
(pdftex.def)             Requested size: 273.83728pt x 158.82193pt.
 [42

 <./figures/ethane_benzenethiol_header.pdf>]
<figures/ethane_benzenethiol_spectra.pdf, id=2495, 494.22435pt x 230.52823pt>
File: figures/ethane_benzenethiol_spectra.pdf Graphic file (type pdf)

<use figures/ethane_benzenethiol_spectra.pdf>
Package pdftex.def Info: figures/ethane_benzenethiol_spectra.pdf used on input 
line 825.
(pdftex.def)             Requested size: 342.2953pt x 159.66261pt.
 [43

 <./figures/ethane_benzenethiol_spectra.pdf>]
<figures/alt_ethane_benzenethiol_livvo.pdf, id=2560, 451.6875pt x 244.31358pt>
File: figures/alt_ethane_benzenethiol_livvo.pdf Graphic file (type pdf)

<use figures/alt_ethane_benzenethiol_livvo.pdf>
Package pdftex.def Info: figures/alt_ethane_benzenethiol_livvo.pdf used on inpu
t line 836.
(pdftex.def)             Requested size: 273.83728pt x 148.12518pt.
 [44

 <./figures/alt_ethane_benzenethiol_livvo.pdf>]
<figures/other_livvo_contributions.pdf, id=2672, 451.6875pt x 314.30731pt>
File: figures/other_livvo_contributions.pdf Graphic file (type pdf)

<use figures/other_livvo_contributions.pdf>
Package pdftex.def Info: figures/other_livvo_contributions.pdf used on input li
ne 846.
(pdftex.def)             Requested size: 273.83728pt x 190.56175pt.

Overfull \vbox (5.9749pt too high) detected at line 846
 []

[45

 <./figures/other_livvo_contributions.pdf>]
<figures/water_monomer_dimer_header.pdf, id=2797, 451.6875pt x 169.76735pt>
File: figures/water_monomer_dimer_header.pdf Graphic file (type pdf)

<use figures/water_monomer_dimer_header.pdf>
Package pdftex.def Info: figures/water_monomer_dimer_header.pdf used on input l
ine 855.
(pdftex.def)             Requested size: 273.83728pt x 102.92844pt.
 [46

 <./figures/water_monomer_dimer_header.pdf>]
<figures/water_spectra_slide.pdf, id=2822, 451.6875pt x 283.5784pt>
File: figures/water_spectra_slide.pdf Graphic file (type pdf)

<use figures/water_spectra_slide.pdf>
Package pdftex.def Info: figures/water_spectra_slide.pdf used on input line 864
.
(pdftex.def)             Requested size: 273.83728pt x 171.93109pt.
 [47

 <./figures/water_spectra_slide.pdf>]
<figures/water_livvo_slide.png, id=2883, 440.3652pt x 341.5962pt>
File: figures/water_livvo_slide.png Graphic file (type png)

<use figures/water_livvo_slide.png>
Package pdftex.def Info: figures/water_livvo_slide.png used on input line 870.
(pdftex.def)             Requested size: 273.83728pt x 212.42334pt.
 [48

 <./figures/water_livvo_slide.png>]
<figures/pyrazine_si_100_slide_1.pdf, id=2891, 440.30638pt x 209.41238pt>
File: figures/pyrazine_si_100_slide_1.pdf Graphic file (type pdf)

<use figures/pyrazine_si_100_slide_1.pdf>
Package pdftex.def Info: figures/pyrazine_si_100_slide_1.pdf used on input line
 879.
(pdftex.def)             Requested size: 273.83728pt x 130.24333pt.
 [49

 <./figures/pyrazine_si_100_slide_1.pdf>]
<figures/pyrazine_si_100_slide_2.pdf, id=2918, 440.30638pt x 209.41238pt>
File: figures/pyrazine_si_100_slide_2.pdf Graphic file (type pdf)

<use figures/pyrazine_si_100_slide_2.pdf>
Package pdftex.def Info: figures/pyrazine_si_100_slide_2.pdf used on input line
 889.
(pdftex.def)             Requested size: 273.83728pt x 130.24333pt.
 [50

 <./figures/pyrazine_si_100_slide_2.pdf>]
<figures/pyrazine_si_100_slide_3.pdf, id=2958, 440.30638pt x 209.41238pt>
File: figures/pyrazine_si_100_slide_3.pdf Graphic file (type pdf)

<use figures/pyrazine_si_100_slide_3.pdf>
Package pdftex.def Info: figures/pyrazine_si_100_slide_3.pdf used on input line
 900.
(pdftex.def)             Requested size: 273.83728pt x 130.24333pt.
 [51

 <./figures/pyrazine_si_100_slide_3.pdf>] [52

] <figures/CO_projection.pdf, id=3004, 234.8775pt x 166.22101pt>
File: figures/CO_projection.pdf Graphic file (type pdf)

<use figures/CO_projection.pdf>
Package pdftex.def Info: figures/CO_projection.pdf used on input line 924.
(pdftex.def)             Requested size: 234.87692pt x 166.22058pt.
 [53

 <./figures/CO_projection.pdf>]
\tf@nav=\write6
\openout6 = `defense_presentation.nav'.

\tf@toc=\write7
\openout7 = `defense_presentation.toc'.

\tf@snm=\write8
\openout8 = `defense_presentation.snm'.



Package natbib Warning: There were undefined citations.

Package atveryend Info: Empty hook `BeforeClearDocument' on input line 925.
Package atveryend Info: Empty hook `AfterLastShipout' on input line 925.
(defense_presentation.aux)
Package atveryend Info: Executing hook `AtVeryEndDocument' on input line 925.
Package atveryend Info: Executing hook `AtEndAfterFileList' on input line 925.
Package rerunfilecheck Info: File `defense_presentation.out' has not changed.
(rerunfilecheck)             Checksum: D41D8CD98F00B204E9800998ECF8427E;0.


LaTeX Font Warning: Size substitutions with differences
(Font)              up to 1.0pt have occurred.

 ) 
Here is how much of TeX's memory you used:
 20191 strings out of 493334
 380841 string characters out of 3136655
 463878 words of memory out of 3000000
 23073 multiletter control sequences out of 15000+200000
 22057 words of font info for 81 fonts, out of 3000000 for 9000
 1141 hyphenation exceptions out of 8191
 56i,21n,57p,807b,967s stack positions out of 5000i,500n,10000p,200000b,50000s
<C:/Program Files (x86)/MiKTeX 2.9/fonts/type1/public/amsfonts/cm/cmbx10.pfb>
<C:/Program Files (x86)/MiKTeX 2.9/fonts/type1/public/amsfonts/cm/cmex10.pfb><C
:/Program Files (x86)/MiKTeX 2.9/fonts/type1/public/amsfonts/cmextra/cmex9.pfb>
<C:/Program Files (x86)/MiKTeX 2.9/fonts/type1/public/amsfonts/cm/cmmi10.pfb><C
:/Program Files (x86)/MiKTeX 2.9/fonts/type1/public/amsfonts/cm/cmmi12.pfb><C:/
Program Files (x86)/MiKTeX 2.9/fonts/type1/public/amsfonts/cm/cmmi6.pfb><C:/Pro
gram Files (x86)/MiKTeX 2.9/fonts/type1/public/amsfonts/cm/cmmi8.pfb><C:/Progra
m Files (x86)/MiKTeX 2.9/fonts/type1/public/amsfonts/cm/cmmi9.pfb><C:/Program F
iles (x86)/MiKTeX 2.9/fonts/type1/public/amsfonts/cm/cmmib10.pfb><C:/Program Fi
les (x86)/MiKTeX 2.9/fonts/type1/public/amsfonts/cm/cmr10.pfb><C:/Program Files
 (x86)/MiKTeX 2.9/fonts/type1/public/amsfonts/cm/cmr6.pfb><C:/Program Files (x8
6)/MiKTeX 2.9/fonts/type1/public/amsfonts/cm/cmr8.pfb><C:/Program Files (x86)/M
iKTeX 2.9/fonts/type1/public/amsfonts/cm/cmr9.pfb><C:/Program Files (x86)/MiKTe
X 2.9/fonts/type1/public/amsfonts/cm/cmss10.pfb><C:/Program Files (x86)/MiKTeX 
2.9/fonts/type1/public/amsfonts/cm/cmss12.pfb><C:/Program Files (x86)/MiKTeX 2.
9/fonts/type1/public/amsfonts/cm/cmss8.pfb><C:/Program Files (x86)/MiKTeX 2.9/f
onts/type1/public/amsfonts/cm/cmss9.pfb><C:/Program Files (x86)/MiKTeX 2.9/font
s/type1/public/amsfonts/cm/cmssbx10.pfb><C:/Program Files (x86)/MiKTeX 2.9/font
s/type1/public/amsfonts/cm/cmssi10.pfb><C:/Program Files (x86)/MiKTeX 2.9/fonts
/type1/public/amsfonts/cm/cmssi9.pfb><C:/Program Files (x86)/MiKTeX 2.9/fonts/t
ype1/public/amsfonts/cm/cmsy10.pfb><C:/Program Files (x86)/MiKTeX 2.9/fonts/typ
e1/public/amsfonts/cm/cmsy6.pfb><C:/Program Files (x86)/MiKTeX 2.9/fonts/type1/
public/amsfonts/cm/cmsy8.pfb><C:/Program Files (x86)/MiKTeX 2.9/fonts/type1/pub
lic/amsfonts/cm/cmsy9.pfb><C:/Program Files (x86)/MiKTeX 2.9/fonts/type1/public
/amsfonts/symbols/msam7.pfb>
Output written on defense_presentation.pdf (53 pages, 10023026 bytes).
PDF statistics:
 3177 PDF objects out of 3580 (max. 8388607)
 118 named destinations out of 1000 (max. 500000)
 244 words of extra memory for PDF output out of 10000 (max. 10000000)

