This is pdfTeX, Version 3.14159265-2.6-1.40.17 (MiKTeX 2.9) (preloaded format=pdflatex 2016.9.7)  21 JUN 2017 13:33
entering extended mode
**./chp_5_ocdft_surfaces.tex
(chp_5_ocdft_surfaces.tex
LaTeX2e <2016/03/31> patch level 3
Babel <3.9r> and hyphenation patterns for 75 language(s) loaded.
("C:\Program Files (x86)\MiKTeX 2.9\tex\latex\base\article.cls"
Document Class: article 2014/09/29 v1.4h Standard LaTeX document class
("C:\Program Files (x86)\MiKTeX 2.9\tex\latex\base\size10.clo"
File: size10.clo 2014/09/29 v1.4h Standard LaTeX file (size option)
)
\c@part=\count79
\c@section=\count80
\c@subsection=\count81
\c@subsubsection=\count82
\c@paragraph=\count83
\c@subparagraph=\count84
\c@figure=\count85
\c@table=\count86
\abovecaptionskip=\skip41
\belowcaptionskip=\skip42
\bibindent=\dimen102
)
("C:\Program Files (x86)\MiKTeX 2.9\tex\latex\geometry\geometry.sty"
Package: geometry 2010/09/12 v5.6 Page Geometry

("C:\Program Files (x86)\MiKTeX 2.9\tex\latex\graphics\keyval.sty"
Package: keyval 2014/10/28 v1.15 key=value parser (DPC)
\KV@toks@=\toks14
)
("C:\Program Files (x86)\MiKTeX 2.9\tex\generic\oberdiek\ifpdf.sty"
Package: ifpdf 2016/05/14 v3.1 Provides the ifpdf switch
)
("C:\Program Files (x86)\MiKTeX 2.9\tex\generic\oberdiek\ifvtex.sty"
Package: ifvtex 2016/05/16 v1.6 Detect VTeX and its facilities (HO)
Package ifvtex Info: VTeX not detected.
)
("C:\Program Files (x86)\MiKTeX 2.9\tex\generic\ifxetex\ifxetex.sty"
Package: ifxetex 2010/09/12 v0.6 Provides ifxetex conditional
)
\Gm@cnth=\count87
\Gm@cntv=\count88
\c@Gm@tempcnt=\count89
\Gm@bindingoffset=\dimen103
\Gm@wd@mp=\dimen104
\Gm@odd@mp=\dimen105
\Gm@even@mp=\dimen106
\Gm@layoutwidth=\dimen107
\Gm@layoutheight=\dimen108
\Gm@layouthoffset=\dimen109
\Gm@layoutvoffset=\dimen110
\Gm@dimlist=\toks15

("C:\Program Files (x86)\MiKTeX 2.9\tex\latex\geometry\geometry.cfg"))
("C:\Program Files (x86)\MiKTeX 2.9\tex\latex\ltxmisc\parskip.sty"
Package: parskip 2001/04/09 non-zero parskip adjustments
)
("C:\Program Files (x86)\MiKTeX 2.9\tex\latex\base\inputenc.sty"
Package: inputenc 2015/03/17 v1.2c Input encoding file
\inpenc@prehook=\toks16
\inpenc@posthook=\toks17

("C:\Program Files (x86)\MiKTeX 2.9\tex\latex\base\utf8.def"
File: utf8.def 2016/02/28 v1.1s UTF-8 support for inputenc
Now handling font encoding OML ...
... no UTF-8 mapping file for font encoding OML
Now handling font encoding T1 ...
... processing UTF-8 mapping file for font encoding T1

("C:\Program Files (x86)\MiKTeX 2.9\tex\latex\base\t1enc.dfu"
File: t1enc.dfu 2016/02/28 v1.1s UTF-8 support for inputenc
   defining Unicode char U+00A0 (decimal 160)
   defining Unicode char U+00A1 (decimal 161)
   defining Unicode char U+00A3 (decimal 163)
   defining Unicode char U+00AB (decimal 171)
   defining Unicode char U+00AD (decimal 173)
   defining Unicode char U+00BB (decimal 187)
   defining Unicode char U+00BF (decimal 191)
   defining Unicode char U+00C0 (decimal 192)
   defining Unicode char U+00C1 (decimal 193)
   defining Unicode char U+00C2 (decimal 194)
   defining Unicode char U+00C3 (decimal 195)
   defining Unicode char U+00C4 (decimal 196)
   defining Unicode char U+00C5 (decimal 197)
   defining Unicode char U+00C6 (decimal 198)
   defining Unicode char U+00C7 (decimal 199)
   defining Unicode char U+00C8 (decimal 200)
   defining Unicode char U+00C9 (decimal 201)
   defining Unicode char U+00CA (decimal 202)
   defining Unicode char U+00CB (decimal 203)
   defining Unicode char U+00CC (decimal 204)
   defining Unicode char U+00CD (decimal 205)
   defining Unicode char U+00CE (decimal 206)
   defining Unicode char U+00CF (decimal 207)
   defining Unicode char U+00D0 (decimal 208)
   defining Unicode char U+00D1 (decimal 209)
   defining Unicode char U+00D2 (decimal 210)
   defining Unicode char U+00D3 (decimal 211)
   defining Unicode char U+00D4 (decimal 212)
   defining Unicode char U+00D5 (decimal 213)
   defining Unicode char U+00D6 (decimal 214)
   defining Unicode char U+00D8 (decimal 216)
   defining Unicode char U+00D9 (decimal 217)
   defining Unicode char U+00DA (decimal 218)
   defining Unicode char U+00DB (decimal 219)
   defining Unicode char U+00DC (decimal 220)
   defining Unicode char U+00DD (decimal 221)
   defining Unicode char U+00DE (decimal 222)
   defining Unicode char U+00DF (decimal 223)
   defining Unicode char U+00E0 (decimal 224)
   defining Unicode char U+00E1 (decimal 225)
   defining Unicode char U+00E2 (decimal 226)
   defining Unicode char U+00E3 (decimal 227)
   defining Unicode char U+00E4 (decimal 228)
   defining Unicode char U+00E5 (decimal 229)
   defining Unicode char U+00E6 (decimal 230)
   defining Unicode char U+00E7 (decimal 231)
   defining Unicode char U+00E8 (decimal 232)
   defining Unicode char U+00E9 (decimal 233)
   defining Unicode char U+00EA (decimal 234)
   defining Unicode char U+00EB (decimal 235)
   defining Unicode char U+00EC (decimal 236)
   defining Unicode char U+00ED (decimal 237)
   defining Unicode char U+00EE (decimal 238)
   defining Unicode char U+00EF (decimal 239)
   defining Unicode char U+00F0 (decimal 240)
   defining Unicode char U+00F1 (decimal 241)
   defining Unicode char U+00F2 (decimal 242)
   defining Unicode char U+00F3 (decimal 243)
   defining Unicode char U+00F4 (decimal 244)
   defining Unicode char U+00F5 (decimal 245)
   defining Unicode char U+00F6 (decimal 246)
   defining Unicode char U+00F8 (decimal 248)
   defining Unicode char U+00F9 (decimal 249)
   defining Unicode char U+00FA (decimal 250)
   defining Unicode char U+00FB (decimal 251)
   defining Unicode char U+00FC (decimal 252)
   defining Unicode char U+00FD (decimal 253)
   defining Unicode char U+00FE (decimal 254)
   defining Unicode char U+00FF (decimal 255)
   defining Unicode char U+0100 (decimal 256)
   defining Unicode char U+0101 (decimal 257)
   defining Unicode char U+0102 (decimal 258)
   defining Unicode char U+0103 (decimal 259)
   defining Unicode char U+0104 (decimal 260)
   defining Unicode char U+0105 (decimal 261)
   defining Unicode char U+0106 (decimal 262)
   defining Unicode char U+0107 (decimal 263)
   defining Unicode char U+0108 (decimal 264)
   defining Unicode char U+0109 (decimal 265)
   defining Unicode char U+010A (decimal 266)
   defining Unicode char U+010B (decimal 267)
   defining Unicode char U+010C (decimal 268)
   defining Unicode char U+010D (decimal 269)
   defining Unicode char U+010E (decimal 270)
   defining Unicode char U+010F (decimal 271)
   defining Unicode char U+0110 (decimal 272)
   defining Unicode char U+0111 (decimal 273)
   defining Unicode char U+0112 (decimal 274)
   defining Unicode char U+0113 (decimal 275)
   defining Unicode char U+0114 (decimal 276)
   defining Unicode char U+0115 (decimal 277)
   defining Unicode char U+0116 (decimal 278)
   defining Unicode char U+0117 (decimal 279)
   defining Unicode char U+0118 (decimal 280)
   defining Unicode char U+0119 (decimal 281)
   defining Unicode char U+011A (decimal 282)
   defining Unicode char U+011B (decimal 283)
   defining Unicode char U+011C (decimal 284)
   defining Unicode char U+011D (decimal 285)
   defining Unicode char U+011E (decimal 286)
   defining Unicode char U+011F (decimal 287)
   defining Unicode char U+0120 (decimal 288)
   defining Unicode char U+0121 (decimal 289)
   defining Unicode char U+0122 (decimal 290)
   defining Unicode char U+0123 (decimal 291)
   defining Unicode char U+0124 (decimal 292)
   defining Unicode char U+0125 (decimal 293)
   defining Unicode char U+0128 (decimal 296)
   defining Unicode char U+0129 (decimal 297)
   defining Unicode char U+012A (decimal 298)
   defining Unicode char U+012B (decimal 299)
   defining Unicode char U+012C (decimal 300)
   defining Unicode char U+012D (decimal 301)
   defining Unicode char U+012E (decimal 302)
   defining Unicode char U+012F (decimal 303)
   defining Unicode char U+0130 (decimal 304)
   defining Unicode char U+0131 (decimal 305)
   defining Unicode char U+0132 (decimal 306)
   defining Unicode char U+0133 (decimal 307)
   defining Unicode char U+0134 (decimal 308)
   defining Unicode char U+0135 (decimal 309)
   defining Unicode char U+0136 (decimal 310)
   defining Unicode char U+0137 (decimal 311)
   defining Unicode char U+0139 (decimal 313)
   defining Unicode char U+013A (decimal 314)
   defining Unicode char U+013B (decimal 315)
   defining Unicode char U+013C (decimal 316)
   defining Unicode char U+013D (decimal 317)
   defining Unicode char U+013E (decimal 318)
   defining Unicode char U+0141 (decimal 321)
   defining Unicode char U+0142 (decimal 322)
   defining Unicode char U+0143 (decimal 323)
   defining Unicode char U+0144 (decimal 324)
   defining Unicode char U+0145 (decimal 325)
   defining Unicode char U+0146 (decimal 326)
   defining Unicode char U+0147 (decimal 327)
   defining Unicode char U+0148 (decimal 328)
   defining Unicode char U+014A (decimal 330)
   defining Unicode char U+014B (decimal 331)
   defining Unicode char U+014C (decimal 332)
   defining Unicode char U+014D (decimal 333)
   defining Unicode char U+014E (decimal 334)
   defining Unicode char U+014F (decimal 335)
   defining Unicode char U+0150 (decimal 336)
   defining Unicode char U+0151 (decimal 337)
   defining Unicode char U+0152 (decimal 338)
   defining Unicode char U+0153 (decimal 339)
   defining Unicode char U+0154 (decimal 340)
   defining Unicode char U+0155 (decimal 341)
   defining Unicode char U+0156 (decimal 342)
   defining Unicode char U+0157 (decimal 343)
   defining Unicode char U+0158 (decimal 344)
   defining Unicode char U+0159 (decimal 345)
   defining Unicode char U+015A (decimal 346)
   defining Unicode char U+015B (decimal 347)
   defining Unicode char U+015C (decimal 348)
   defining Unicode char U+015D (decimal 349)
   defining Unicode char U+015E (decimal 350)
   defining Unicode char U+015F (decimal 351)
   defining Unicode char U+0160 (decimal 352)
   defining Unicode char U+0161 (decimal 353)
   defining Unicode char U+0162 (decimal 354)
   defining Unicode char U+0163 (decimal 355)
   defining Unicode char U+0164 (decimal 356)
   defining Unicode char U+0165 (decimal 357)
   defining Unicode char U+0168 (decimal 360)
   defining Unicode char U+0169 (decimal 361)
   defining Unicode char U+016A (decimal 362)
   defining Unicode char U+016B (decimal 363)
   defining Unicode char U+016C (decimal 364)
   defining Unicode char U+016D (decimal 365)
   defining Unicode char U+016E (decimal 366)
   defining Unicode char U+016F (decimal 367)
   defining Unicode char U+0170 (decimal 368)
   defining Unicode char U+0171 (decimal 369)
   defining Unicode char U+0172 (decimal 370)
   defining Unicode char U+0173 (decimal 371)
   defining Unicode char U+0174 (decimal 372)
   defining Unicode char U+0175 (decimal 373)
   defining Unicode char U+0176 (decimal 374)
   defining Unicode char U+0177 (decimal 375)
   defining Unicode char U+0178 (decimal 376)
   defining Unicode char U+0179 (decimal 377)
   defining Unicode char U+017A (decimal 378)
   defining Unicode char U+017B (decimal 379)
   defining Unicode char U+017C (decimal 380)
   defining Unicode char U+017D (decimal 381)
   defining Unicode char U+017E (decimal 382)
   defining Unicode char U+01CD (decimal 461)
   defining Unicode char U+01CE (decimal 462)
   defining Unicode char U+01CF (decimal 463)
   defining Unicode char U+01D0 (decimal 464)
   defining Unicode char U+01D1 (decimal 465)
   defining Unicode char U+01D2 (decimal 466)
   defining Unicode char U+01D3 (decimal 467)
   defining Unicode char U+01D4 (decimal 468)
   defining Unicode char U+01E2 (decimal 482)
   defining Unicode char U+01E3 (decimal 483)
   defining Unicode char U+01E6 (decimal 486)
   defining Unicode char U+01E7 (decimal 487)
   defining Unicode char U+01E8 (decimal 488)
   defining Unicode char U+01E9 (decimal 489)
   defining Unicode char U+01EA (decimal 490)
   defining Unicode char U+01EB (decimal 491)
   defining Unicode char U+01F0 (decimal 496)
   defining Unicode char U+01F4 (decimal 500)
   defining Unicode char U+01F5 (decimal 501)
   defining Unicode char U+0218 (decimal 536)
   defining Unicode char U+0219 (decimal 537)
   defining Unicode char U+021A (decimal 538)
   defining Unicode char U+021B (decimal 539)
   defining Unicode char U+1E02 (decimal 7682)
   defining Unicode char U+1E03 (decimal 7683)
   defining Unicode char U+200C (decimal 8204)
   defining Unicode char U+2010 (decimal 8208)
   defining Unicode char U+2011 (decimal 8209)
   defining Unicode char U+2012 (decimal 8210)
   defining Unicode char U+2013 (decimal 8211)
   defining Unicode char U+2014 (decimal 8212)
   defining Unicode char U+2015 (decimal 8213)
   defining Unicode char U+2018 (decimal 8216)
   defining Unicode char U+2019 (decimal 8217)
   defining Unicode char U+201A (decimal 8218)
   defining Unicode char U+201C (decimal 8220)
   defining Unicode char U+201D (decimal 8221)
   defining Unicode char U+201E (decimal 8222)
   defining Unicode char U+2030 (decimal 8240)
   defining Unicode char U+2031 (decimal 8241)
   defining Unicode char U+2039 (decimal 8249)
   defining Unicode char U+203A (decimal 8250)
   defining Unicode char U+2423 (decimal 9251)
)
Now handling font encoding OT1 ...
... processing UTF-8 mapping file for font encoding OT1

("C:\Program Files (x86)\MiKTeX 2.9\tex\latex\base\ot1enc.dfu"
File: ot1enc.dfu 2016/02/28 v1.1s UTF-8 support for inputenc
   defining Unicode char U+00A0 (decimal 160)
   defining Unicode char U+00A1 (decimal 161)
   defining Unicode char U+00A3 (decimal 163)
   defining Unicode char U+00AD (decimal 173)
   defining Unicode char U+00B8 (decimal 184)
   defining Unicode char U+00BF (decimal 191)
   defining Unicode char U+00C5 (decimal 197)
   defining Unicode char U+00C6 (decimal 198)
   defining Unicode char U+00D8 (decimal 216)
   defining Unicode char U+00DF (decimal 223)
   defining Unicode char U+00E6 (decimal 230)
   defining Unicode char U+00EC (decimal 236)
   defining Unicode char U+00ED (decimal 237)
   defining Unicode char U+00EE (decimal 238)
   defining Unicode char U+00EF (decimal 239)
   defining Unicode char U+00F8 (decimal 248)
   defining Unicode char U+0131 (decimal 305)
   defining Unicode char U+0141 (decimal 321)
   defining Unicode char U+0142 (decimal 322)
   defining Unicode char U+0152 (decimal 338)
   defining Unicode char U+0153 (decimal 339)
   defining Unicode char U+0174 (decimal 372)
   defining Unicode char U+0175 (decimal 373)
   defining Unicode char U+0176 (decimal 374)
   defining Unicode char U+0177 (decimal 375)
   defining Unicode char U+0218 (decimal 536)
   defining Unicode char U+0219 (decimal 537)
   defining Unicode char U+021A (decimal 538)
   defining Unicode char U+021B (decimal 539)
   defining Unicode char U+2013 (decimal 8211)
   defining Unicode char U+2014 (decimal 8212)
   defining Unicode char U+2018 (decimal 8216)
   defining Unicode char U+2019 (decimal 8217)
   defining Unicode char U+201C (decimal 8220)
   defining Unicode char U+201D (decimal 8221)
)
Now handling font encoding OMS ...
... processing UTF-8 mapping file for font encoding OMS

("C:\Program Files (x86)\MiKTeX 2.9\tex\latex\base\omsenc.dfu"
File: omsenc.dfu 2016/02/28 v1.1s UTF-8 support for inputenc
   defining Unicode char U+00A7 (decimal 167)
   defining Unicode char U+00B6 (decimal 182)
   defining Unicode char U+00B7 (decimal 183)
   defining Unicode char U+2020 (decimal 8224)
   defining Unicode char U+2021 (decimal 8225)
   defining Unicode char U+2022 (decimal 8226)
)
Now handling font encoding OMX ...
... no UTF-8 mapping file for font encoding OMX
Now handling font encoding U ...
... no UTF-8 mapping file for font encoding U
   defining Unicode char U+00A9 (decimal 169)
   defining Unicode char U+00AA (decimal 170)
   defining Unicode char U+00AE (decimal 174)
   defining Unicode char U+00BA (decimal 186)
   defining Unicode char U+02C6 (decimal 710)
   defining Unicode char U+02DC (decimal 732)
   defining Unicode char U+200C (decimal 8204)
   defining Unicode char U+2026 (decimal 8230)
   defining Unicode char U+2122 (decimal 8482)
   defining Unicode char U+2423 (decimal 9251)
))
("C:\Program Files (x86)\MiKTeX 2.9\tex\latex\graphics\graphicx.sty"
Package: graphicx 2014/10/28 v1.0g Enhanced LaTeX Graphics (DPC,SPQR)

("C:\Program Files (x86)\MiKTeX 2.9\tex\latex\graphics\graphics.sty"
Package: graphics 2016/07/10 v1.0t Standard LaTeX Graphics (DPC,SPQR)

("C:\Program Files (x86)\MiKTeX 2.9\tex\latex\graphics\trig.sty"
Package: trig 2016/01/03 v1.10 sin cos tan (DPC)
)
("C:\Program Files (x86)\MiKTeX 2.9\tex\latex\00miktex\graphics.cfg"
File: graphics.cfg 2016/06/04 v1.11 sample graphics configuration
)
Package graphics Info: Driver file: pdftex.def on input line 99.

("C:\Program Files (x86)\MiKTeX 2.9\tex\latex\graphics-def\pdftex.def"
File: pdftex.def 2016/07/10 v0.06j Graphics/color for pdfTeX

("C:\Program Files (x86)\MiKTeX 2.9\tex\generic\oberdiek\infwarerr.sty"
Package: infwarerr 2016/05/16 v1.4 Providing info/warning/error messages (HO)
)
("C:\Program Files (x86)\MiKTeX 2.9\tex\generic\oberdiek\ltxcmds.sty"
Package: ltxcmds 2016/05/16 v1.23 LaTeX kernel commands for general use (HO)
)
\Gread@gobject=\count90
))
\Gin@req@height=\dimen111
\Gin@req@width=\dimen112
)
(C:\Users\WDerricotte\AppData\Roaming\MiKTeX\2.9\tex\latex\comment\comment.sty
\CommentStream=\write3

Excluding comment 'comment')
(C:\Users\WDerricotte\AppData\Roaming\MiKTeX\2.9\tex\latex\notes2bib\notes2bib.
sty
(C:\Users\WDerricotte\AppData\Roaming\MiKTeX\2.9\tex\latex\l3packages\xparse\xp
arse.sty
(C:\Users\WDerricotte\AppData\Roaming\MiKTeX\2.9\tex\latex\l3kernel\expl3.sty
Package: expl3 2016/05/18 v6512 L3 programming layer (loader) 

(C:\Users\WDerricotte\AppData\Roaming\MiKTeX\2.9\tex\latex\l3kernel\expl3-code.
tex
Package: expl3 2016/05/18 v6512 L3 programming layer (code)
L3 Module: l3bootstrap 2016/02/12 v6412 L3 Bootstrap code
L3 Module: l3names 2016/03/11 v6433 L3 Namespace for primitives
L3 Module: l3basics 2015/11/22 v6315 L3 Basic definitions
L3 Module: l3expan 2015/09/10 v5983 L3 Argument expansion
L3 Module: l3tl 2016/03/26 v6465 L3 Token lists
L3 Module: l3str 2016/03/24 v6441 L3 Strings
L3 Module: l3seq 2015/08/05 v5777 L3 Sequences and stacks
L3 Module: l3int 2016/03/24 v6441 L3 Integers
\c_max_int=\count91
\l_tmpa_int=\count92
\l_tmpb_int=\count93
\g_tmpa_int=\count94
\g_tmpb_int=\count95
L3 Module: l3quark 2015/08/17 v5855 L3 Quarks
L3 Module: l3prg 2015/11/01 v6216 L3 Control structures
\g__prg_map_int=\count96
L3 Module: l3clist 2015/09/02 v5901 L3 Comma separated lists
L3 Module: l3token 2016/04/03 v6470 L3 Experimental token manipulation
L3 Module: l3prop 2016/01/05 v6366 L3 Property lists
L3 Module: l3msg 2016/03/26 v6464 L3 Messages
L3 Module: l3file 2016/03/25 v6458 L3 File and I/O operations
\l_iow_line_count_int=\count97
\l__iow_target_count_int=\count98
\l__iow_current_line_int=\count99
\l__iow_current_word_int=\count100
\l__iow_current_indentation_int=\count101
L3 Module: l3skip 2016/01/05 v6366 L3 Dimensions and skips
\c_zero_dim=\dimen113
\c_max_dim=\dimen114
\l_tmpa_dim=\dimen115
\l_tmpb_dim=\dimen116
\g_tmpa_dim=\dimen117
\g_tmpb_dim=\dimen118
\c_zero_skip=\skip43
\c_max_skip=\skip44
\l_tmpa_skip=\skip45
\l_tmpb_skip=\skip46
\g_tmpa_skip=\skip47
\g_tmpb_skip=\skip48
\c_zero_muskip=\muskip10
\c_max_muskip=\muskip11
\l_tmpa_muskip=\muskip12
\l_tmpb_muskip=\muskip13
\g_tmpa_muskip=\muskip14
\g_tmpb_muskip=\muskip15
L3 Module: l3keys 2015/11/17 v6284 L3 Key-value interfaces
\g__keyval_level_int=\count102
\l_keys_choice_int=\count103
L3 Module: l3fp 2016/03/26 v6465 L3 Floating points
\c__fp_leading_shift_int=\count104
\c__fp_middle_shift_int=\count105
\c__fp_trailing_shift_int=\count106
\c__fp_big_leading_shift_int=\count107
\c__fp_big_middle_shift_int=\count108
\c__fp_big_trailing_shift_int=\count109
\c__fp_Bigg_leading_shift_int=\count110
\c__fp_Bigg_middle_shift_int=\count111
\c__fp_Bigg_trailing_shift_int=\count112
L3 Module: l3box 2015/08/09 v5822 L3 Experimental boxes
\c_empty_box=\box26
\l_tmpa_box=\box27
\l_tmpb_box=\box28
\g_tmpa_box=\box29
\g_tmpb_box=\box30
L3 Module: l3coffins 2016/05/17 v6508 L3 Coffin code layer
\l__coffin_internal_box=\box31
\l__coffin_internal_dim=\dimen119
\l__coffin_offset_x_dim=\dimen120
\l__coffin_offset_y_dim=\dimen121
\l__coffin_x_dim=\dimen122
\l__coffin_y_dim=\dimen123
\l__coffin_x_prime_dim=\dimen124
\l__coffin_y_prime_dim=\dimen125
\c_empty_coffin=\box32
\l__coffin_aligned_coffin=\box33
\l__coffin_aligned_internal_coffin=\box34
\l_tmpa_coffin=\box35
\l_tmpb_coffin=\box36
\l__coffin_display_coffin=\box37
\l__coffin_display_coord_coffin=\box38
\l__coffin_display_pole_coffin=\box39
\l__coffin_display_offset_dim=\dimen126
\l__coffin_display_x_dim=\dimen127
\l__coffin_display_y_dim=\dimen128
L3 Module: l3color 2014/08/23 v5354 L3 Experimental color support
L3 Module: l3sys 2015/09/25 v6087 L3 Experimental system/runtime functions
L3 Module: l3candidates 2016/05/13 v6484 L3 Experimental additions to l3kernel
\l__box_top_dim=\dimen129
\l__box_bottom_dim=\dimen130
\l__box_left_dim=\dimen131
\l__box_right_dim=\dimen132
\l__box_top_new_dim=\dimen133
\l__box_bottom_new_dim=\dimen134
\l__box_left_new_dim=\dimen135
\l__box_right_new_dim=\dimen136
\l__box_internal_box=\box40
\l__coffin_bounding_shift_dim=\dimen137
\l__coffin_left_corner_dim=\dimen138
\l__coffin_right_corner_dim=\dimen139
\l__coffin_bottom_corner_dim=\dimen140
\l__coffin_top_corner_dim=\dimen141
\l__coffin_scaled_total_height_dim=\dimen142
\l__coffin_scaled_width_dim=\dimen143
L3 Module: l3luatex 2016/03/26 v6465 L3 Experimental LuaTeX-specific functions
)
(C:\Users\WDerricotte\AppData\Roaming\MiKTeX\2.9\tex\latex\l3kernel\l3pdfmode.d
ef
File: l3pdfmode.def 2016/03/26 v6465 L3 Experimental driver: PDF mode
\l__driver_color_stack_int=\count113
\l__driver_tmp_box=\box41
))
Package: xparse 2016/05/18 v6512 L3 Experimental document command parser
\l__xparse_current_arg_int=\count114
\l__xparse_m_args_int=\count115
\l__xparse_mandatory_args_int=\count116
\l__xparse_processor_int=\count117
\l__xparse_v_nesting_int=\count118
)
Package: notes2bib 2013/07/11 v2.0k Integrating notes into the bibliography

(C:\Users\WDerricotte\AppData\Roaming\MiKTeX\2.9\tex\latex\l3packages\l3keys2e\
l3keys2e.sty
Package: l3keys2e 2016/05/18 v6512 LaTeX2e option processing using LaTeX3 keys
)
\g__notestobib_note_int=\count119
\g__notestobib_previous_notes_int=\count120
\g__notestobib_total_notes_int=\count121
.................................................
. LaTeX info: "xparse/define-command"
. 
. Defining command \bibnote with sig. 'o+m' on line 421.
.................................................
.................................................
. LaTeX info: "xparse/define-command"
. 
. Defining command \bibnotemark with sig. 'o' on line 434.
.................................................
.................................................
. LaTeX info: "xparse/define-command"
. 
. Defining command \bibnotetext with sig. 'o+m' on line 439.
.................................................
.................................................
. LaTeX info: "xparse/define-command"
. 
. Defining command \recordnotes with sig. '' on line 442.
.................................................
.................................................
. LaTeX info: "xparse/define-command"
. 
. Defining command \bibnotesetup with sig. 'm' on line 445.
.................................................
.................................................
. LaTeX info: "xparse/define-command"
. 
. Defining command \printbibnotes with sig. '' on line 448.
.................................................
.................................................
. LaTeX info: "xparse/define-command"
. 
. Defining command \citenote with sig. 'm' on line 451.
.................................................
)
(C:\Users\WDerricotte\AppData\Roaming\MiKTeX\2.9\tex\latex\natbib\natbib.sty
Package: natbib 2010/09/13 8.31b (PWD, AO)
\bibhang=\skip49
\bibsep=\skip50
LaTeX Info: Redefining \cite on input line 694.
\c@NAT@ctr=\count122
)
(C:\Users\WDerricotte\AppData\Roaming\MiKTeX\2.9\tex\latex\booktabs\booktabs.st
y
Package: booktabs 2005/04/14 v1.61803 publication quality tables
\heavyrulewidth=\dimen144
\lightrulewidth=\dimen145
\cmidrulewidth=\dimen146
\belowrulesep=\dimen147
\belowbottomsep=\dimen148
\aboverulesep=\dimen149
\abovetopsep=\dimen150
\cmidrulesep=\dimen151
\cmidrulekern=\dimen152
\defaultaddspace=\dimen153
\@cmidla=\count123
\@cmidlb=\count124
\@aboverulesep=\dimen154
\@belowrulesep=\dimen155
\@thisruleclass=\count125
\@lastruleclass=\count126
\@thisrulewidth=\dimen156
) ("C:\Program Files (x86)\MiKTeX 2.9\tex\latex\amsmath\amsmath.sty"
Package: amsmath 2016/06/28 v2.15d AMS math features
\@mathmargin=\skip51

For additional information on amsmath, use the `?' option.
("C:\Program Files (x86)\MiKTeX 2.9\tex\latex\amsmath\amstext.sty"
Package: amstext 2000/06/29 v2.01 AMS text

("C:\Program Files (x86)\MiKTeX 2.9\tex\latex\amsmath\amsgen.sty"
File: amsgen.sty 1999/11/30 v2.0 generic functions
\@emptytoks=\toks18
\ex@=\dimen157
))
("C:\Program Files (x86)\MiKTeX 2.9\tex\latex\amsmath\amsbsy.sty"
Package: amsbsy 1999/11/29 v1.2d Bold Symbols
\pmbraise@=\dimen158
)
("C:\Program Files (x86)\MiKTeX 2.9\tex\latex\amsmath\amsopn.sty"
Package: amsopn 2016/03/08 v2.02 operator names
)
\inf@bad=\count127
LaTeX Info: Redefining \frac on input line 199.
\uproot@=\count128
\leftroot@=\count129
LaTeX Info: Redefining \overline on input line 297.
\classnum@=\count130
\DOTSCASE@=\count131
LaTeX Info: Redefining \ldots on input line 394.
LaTeX Info: Redefining \dots on input line 397.
LaTeX Info: Redefining \cdots on input line 518.
\Mathstrutbox@=\box42
\strutbox@=\box43
\big@size=\dimen159
LaTeX Font Info:    Redeclaring font encoding OML on input line 634.
LaTeX Font Info:    Redeclaring font encoding OMS on input line 635.
\macc@depth=\count132
\c@MaxMatrixCols=\count133
\dotsspace@=\muskip16
\c@parentequation=\count134
\dspbrk@lvl=\count135
\tag@help=\toks19
\row@=\count136
\column@=\count137
\maxfields@=\count138
\andhelp@=\toks20
\eqnshift@=\dimen160
\alignsep@=\dimen161
\tagshift@=\dimen162
\tagwidth@=\dimen163
\totwidth@=\dimen164
\lineht@=\dimen165
\@envbody=\toks21
\multlinegap=\skip52
\multlinetaggap=\skip53
\mathdisplay@stack=\toks22
LaTeX Info: Redefining \[ on input line 2739.
LaTeX Info: Redefining \] on input line 2740.
)
("C:\Program Files (x86)\MiKTeX 2.9\tex\latex\amsfonts\amssymb.sty"
Package: amssymb 2013/01/14 v3.01 AMS font symbols

("C:\Program Files (x86)\MiKTeX 2.9\tex\latex\amsfonts\amsfonts.sty"
Package: amsfonts 2013/01/14 v3.01 Basic AMSFonts support
\symAMSa=\mathgroup4
\symAMSb=\mathgroup5
LaTeX Font Info:    Overwriting math alphabet `\mathfrak' in version `bold'
(Font)                  U/euf/m/n --> U/euf/b/n on input line 106.
))
("C:\Program Files (x86)\MiKTeX 2.9\tex\latex\amscls\amsthm.sty"
Package: amsthm 2015/03/04 v2.20.2
\thm@style=\toks23
\thm@bodyfont=\toks24
\thm@headfont=\toks25
\thm@notefont=\toks26
\thm@headpunct=\toks27
\thm@preskip=\skip54
\thm@postskip=\skip55
\thm@headsep=\skip56
\dth@everypar=\toks28
)
(chp_5_ocdft_surfaces.aux)
\openout1 = `chp_5_ocdft_surfaces.aux'.

LaTeX Font Info:    Checking defaults for OML/cmm/m/it on input line 14.
LaTeX Font Info:    ... okay on input line 14.
LaTeX Font Info:    Checking defaults for T1/cmr/m/n on input line 14.
LaTeX Font Info:    ... okay on input line 14.
LaTeX Font Info:    Checking defaults for OT1/cmr/m/n on input line 14.
LaTeX Font Info:    ... okay on input line 14.
LaTeX Font Info:    Checking defaults for OMS/cmsy/m/n on input line 14.
LaTeX Font Info:    ... okay on input line 14.
LaTeX Font Info:    Checking defaults for OMX/cmex/m/n on input line 14.
LaTeX Font Info:    ... okay on input line 14.
LaTeX Font Info:    Checking defaults for U/cmr/m/n on input line 14.
LaTeX Font Info:    ... okay on input line 14.

*geometry* driver: auto-detecting
*geometry* detected driver: pdftex
*geometry* verbose mode - [ preamble ] result:
* driver: pdftex
* paper: <default>
* layout: <same size as paper>
* layoutoffset:(h,v)=(0.0pt,0.0pt)
* modes: 
* h-part:(L,W,R)=(50.58878pt, 513.11745pt, 50.58878pt)
* v-part:(T,H,B)=(50.58878pt, 693.79243pt, 50.58878pt)
* \paperwidth=614.295pt
* \paperheight=794.96999pt
* \textwidth=513.11745pt
* \textheight=693.79243pt
* \oddsidemargin=-21.68121pt
* \evensidemargin=-21.68121pt
* \topmargin=-58.68121pt
* \headheight=12.0pt
* \headsep=25.0pt
* \topskip=10.0pt
* \footskip=30.0pt
* \marginparwidth=65.0pt
* \marginparsep=11.0pt
* \columnsep=10.0pt
* \skip\footins=9.0pt plus 4.0pt minus 2.0pt
* \hoffset=0.0pt
* \voffset=0.0pt
* \mag=1000
* \@twocolumnfalse
* \@twosidefalse
* \@mparswitchfalse
* \@reversemarginfalse
* (1in=72.27pt=25.4mm, 1cm=28.453pt)


(C:\Users\WDerricotte\AppData\Roaming\MiKTeX\2.9\tex\context\base\supp-pdf.mkii
[Loading MPS to PDF converter (version 2006.09.02).]
\scratchcounter=\count139
\scratchdimen=\dimen166
\scratchbox=\box44
\nofMPsegments=\count140
\nofMParguments=\count141
\everyMPshowfont=\toks29
\MPscratchCnt=\count142
\MPscratchDim=\dimen167
\MPnumerator=\count143
\makeMPintoPDFobject=\count144
\everyMPtoPDFconversion=\toks30
) ("C:\Program Files (x86)\MiKTeX 2.9\tex\generic\oberdiek\pdftexcmds.sty"
Package: pdftexcmds 2016/05/21 v0.22 Utility functions of pdfTeX for LuaTeX (HO
)

("C:\Program Files (x86)\MiKTeX 2.9\tex\generic\oberdiek\ifluatex.sty"
Package: ifluatex 2016/05/16 v1.4 Provides the ifluatex switch (HO)
Package ifluatex Info: LuaTeX not detected.
)
Package pdftexcmds Info: LuaTeX not detected.
Package pdftexcmds Info: \pdf@primitive is available.
Package pdftexcmds Info: \pdf@ifprimitive is available.
Package pdftexcmds Info: \pdfdraftmode found.
)
("C:\Program Files (x86)\MiKTeX 2.9\tex\latex\oberdiek\epstopdf-base.sty"
Package: epstopdf-base 2016/05/15 v2.6 Base part for package epstopdf

("C:\Program Files (x86)\MiKTeX 2.9\tex\latex\oberdiek\grfext.sty"
Package: grfext 2016/05/16 v1.2 Manage graphics extensions (HO)

("C:\Program Files (x86)\MiKTeX 2.9\tex\generic\oberdiek\kvdefinekeys.sty"
Package: kvdefinekeys 2016/05/16 v1.4 Define keys (HO)
))
("C:\Program Files (x86)\MiKTeX 2.9\tex\latex\oberdiek\kvoptions.sty"
Package: kvoptions 2016/05/16 v3.12 Key value format for package options (HO)

("C:\Program Files (x86)\MiKTeX 2.9\tex\generic\oberdiek\kvsetkeys.sty"
Package: kvsetkeys 2016/05/16 v1.17 Key value parser (HO)

("C:\Program Files (x86)\MiKTeX 2.9\tex\generic\oberdiek\etexcmds.sty"
Package: etexcmds 2016/05/16 v1.6 Avoid name clashes with e-TeX commands (HO)
Package etexcmds Info: Could not find \expanded.
(etexcmds)             That can mean that you are not using pdfTeX 1.50 or
(etexcmds)             that some package has redefined \expanded.
(etexcmds)             In the latter case, load this package earlier.
)))
Package epstopdf-base Info: Redefining graphics rule for `.eps' on input line 4
38.
Package grfext Info: Graphics extension search list:
(grfext)             [.png,.pdf,.jpg,.mps,.jpeg,.jbig2,.jb2,.PNG,.PDF,.JPG,.JPE
G,.JBIG2,.JB2,.eps]
(grfext)             \AppendGraphicsExtensions on input line 456.
)
.................................................
. LaTeX info: "xparse/redefine-command"
. 
. Redefining command \bibliography with sig. 'm' on line 14.
.................................................

! Undefined control sequence.
l.16 \epigraph
              {\textit{``We may, I believe, anticipate that the chemist of t...

? 

! LaTeX Error: Environment chapabstract undefined.

See the LaTeX manual or LaTeX Companion for explanation.
Type  H <return>  for immediate help.
 ...                                              
                                                  
l.17 \begin{chapabstract}
                         
? 
LaTeX Font Info:    Try loading font information for U+msa on input line 18.
("C:\Program Files (x86)\MiKTeX 2.9\tex\latex\amsfonts\umsa.fd"
File: umsa.fd 2013/01/14 v3.01 AMS symbols A
)
LaTeX Font Info:    Try loading font information for U+msb on input line 18.

("C:\Program Files (x86)\MiKTeX 2.9\tex\latex\amsfonts\umsb.fd"
File: umsb.fd 2013/01/14 v3.01 AMS symbols B
)

! LaTeX Error: \begin{document} ended by \end{chapabstract}.

See the LaTeX manual or LaTeX Companion for explanation.
Type  H <return>  for immediate help.
 ...                                              
                                                  
l.19 \end{chapabstract}
                       
? 

LaTeX Warning: File `structures.pdf' not found on input line 25.


! Package pdftex.def Error: File `structures.pdf' not found.

See the pdftex.def package documentation for explanation.
Type  H <return>  for immediate help.
 ...                                              
                                                  
l.25 \includegraphics{structures.pdf}
                                     
? 
[1

{C:/Users/WDerricotte/AppData/Local/MiKTeX/2.9/pdftex/config/pdftex.map}]

Package natbib Warning: Citation `francesco_s_2009' on page 2 undefined on inpu
t line 34.

[2]
! Undefined control sequence.
<recently read> \ket 
                     
l.85 ...stem is a single Slater determinant, $\ket
                                                  {\Phi^{(n)}} = \ket[1]{\ph...

? 
! Undefined control sequence.
l.85 ...ater determinant, $\ket{\Phi^{(n)}} = \ket
                                                  [1]{\phi_1^{(n)}\phi_2^{(n...

? 
! Undefined control sequence.
<argument>  \hat {\Gamma }_{s} = \sum _{s}\ket 
                                               [1]{\varphi _{s}}\bra [1]{\va...
l.116 \end{align}
                 
? 
! Undefined control sequence.
<argument> ...\sum _{s}\ket [1]{\varphi _{s}}\bra 
                                                  [1]{\varphi _{s}} 
l.116 \end{align}
                 
? 
! Undefined control sequence.
<argument>  \hat {\Gamma }_{s} = \sum _{s}\ket 
                                               [1]{\varphi _{s}}\bra [1]{\va...
l.116 \end{align}
                 
? 
! Undefined control sequence.
<argument> ...\sum _{s}\ket [1]{\varphi _{s}}\bra 
                                                  [1]{\varphi _{s}} 
l.116 \end{align}
                 
? 
! Undefined control sequence.
l.119 \Omega_i = \bra
                     [1]{\phi_i} \hat{\Gamma}_{S} \ket[1]{\phi_i} = \sum_{S}...

? 
! Undefined control sequence.
l.119 ...i = \bra[1]{\phi_i} \hat{\Gamma}_{S} \ket
                                                  [1]{\phi_i} = \sum_{S} \br...

? 
! Undefined control sequence.
l.119 ...a}_{S} \ket[1]{\phi_i} = \sum_{S} \braket
                                                  [1]{\phi_i}{\varphi_{S}}\b...

? 
! Undefined control sequence.
l.119 ...S} \braket[1]{\phi_i}{\varphi_{S}}\braket
                                                  [1]{\varphi_{S}}{\phi_i}.
? 
[3]

LaTeX Warning: File `CO_projection.pdf' not found on input line 125.


! Package pdftex.def Error: File `CO_projection.pdf' not found.

See the pdftex.def package documentation for explanation.
Type  H <return>  for immediate help.
 ...                                              
                                                  
l.125 \includegraphics{CO_projection.pdf}
                                         
? 
Excluding 'comment' comment. [4] Excluding 'comment' comment. [5]

LaTeX Warning: File `pyrazine_nexafs_gas.pdf' not found on input line 329.


! Package pdftex.def Error: File `pyrazine_nexafs_gas.pdf' not found.

See the pdftex.def package documentation for explanation.
Type  H <return>  for immediate help.
 ...                                              
                                                  
l.329 \includegraphics{pyrazine_nexafs_gas.pdf}
                                               
? 

LaTeX Warning: File `pyrazine_gas_parts_and_Livvos.pdf' not found on input line
 388.


! Package pdftex.def Error: File `pyrazine_gas_parts_and_Livvos.pdf' not found.


See the pdftex.def package documentation for explanation.
Type  H <return>  for immediate help.
 ...                                              
                                                  
l.388 ...aphics{pyrazine_gas_parts_and_Livvos.pdf}
                                                  
? 
! Missing $ inserted.
<inserted text> 
                $
l.395 ...ly to $\sigma^*_{\rm C_2-H_6}$ and \sigma
                                                  ^*_{\rm C_8-H_{10}}$. As w...

? 
[6]

LaTeX Warning: File `pyrazine_chemisorbed_c_kedge.pdf' not found on input line 
399.


! Package pdftex.def Error: File `pyrazine_chemisorbed_c_kedge.pdf' not found.

See the pdftex.def package documentation for explanation.
Type  H <return>  for immediate help.
 ...                                              
                                                  
l.399 ...raphics{pyrazine_chemisorbed_c_kedge.pdf}
                                                  
? 
[7]

LaTeX Warning: File `pyrazine_chem_livvos.pdf' not found on input line 409.


! Package pdftex.def Error: File `pyrazine_chem_livvos.pdf' not found.

See the pdftex.def package documentation for explanation.
Type  H <return>  for immediate help.
 ...                                              
                                                  
l.409 \includegraphics{pyrazine_chem_livvos.pdf}
                                                
? 
[8]

LaTeX Warning: File `n_and_c_chem_particles.pdf' not found on input line 422.


! Package pdftex.def Error: File `n_and_c_chem_particles.pdf' not found.

See the pdftex.def package documentation for explanation.
Type  H <return>  for immediate help.
 ...                                              
                                                  
l.422 \includegraphics{n_and_c_chem_particles.pdf}
                                                  
? 

! LaTeX Error: Illegal character in array arg.

See the LaTeX manual or LaTeX Companion for explanation.
Type  H <return>  for immediate help.
 ...                                              
                                                  
l.433 \begin{tabular}{cccS[]ccc}
                                
? 

! LaTeX Error: Illegal character in array arg.

See the LaTeX manual or LaTeX Companion for explanation.
Type  H <return>  for immediate help.
 ...                                              
                                                  
l.433 \begin{tabular}{cccS[]ccc}
                                
? 

! LaTeX Error: Illegal character in array arg.

See the LaTeX manual or LaTeX Companion for explanation.
Type  H <return>  for immediate help.
 ...                                              
                                                  
l.433 \begin{tabular}{cccS[]ccc}
                                
? 
! Missing $ inserted.
<inserted text> 
                $
l.446 ...*_{\rm C_1-C_2}$ & 12\%$\pi^*/88\%$\sigma
                                                  ^*$ & 89.5\% & C \\
? 
! Missing $ inserted.
<inserted text> 
                $
l.448 ...*_{\rm C_7-C_8}$ & 14\%$\pi^*/86\%$\sigma
                                                  ^*$ & 89.9\% & C \\
? 
! Missing $ inserted.
<inserted text> 
                $
l.452 ...^*_{\rm C_7-C_8}$ & 3\%$\pi^*/97\%$\sigma
                                                  ^*$ & 91.0\% & D \\
? 
! Missing $ inserted.
<inserted text> 
                $
l.454 ...{\rm C_8-H_{10}}$ & 2\%$\pi^*/98\%$\sigma
                                                  ^*$ & 83.9\% & D \\
? 
! Missing $ inserted.
<inserted text> 
                $
l.456 ...\rm N_4-Si_{12}}$ & 4\%$\pi^*/96\%$\sigma
                                                  ^*$ & 89.9\% & E \\
? 
! Missing $ inserted.
<inserted text> 
                $
l.459 ...Si_{13}-Si_{14}}$ & 1\%$\pi^*/99\%$\sigma
                                                  ^*$ & 98.7\% & A \\
? 
! Missing $ inserted.
<inserted text> 
                $
l.461 ...\rm N_4-Si_{12}}$ & 2\%$\pi^*/98\%$\sigma
                                                  ^*$ & 93.3\% & A \\
? 
! Missing $ inserted.
<inserted text> 
                $
l.463 ...rm N_3-Si_{11}}$ & 15\%$\pi^*/85\%$\sigma
                                                  ^*$ & 92.8\% & B \\
? 
! Missing $ inserted.
<inserted text> 
                $
l.465 ...*_{\rm C_7-C_8}$ & 22\%$\pi^*/78\%$\sigma
                                                  ^*$ & 92.2\% & B \\
? 
! Missing $ inserted.
<inserted text> 
                $
l.467 ...rm N_3-Si_{11}}$ & 12\%$\pi^*/88\%$\sigma
                                                  ^*$ & 89.9\% & B \\
? 
! Missing $ inserted.
<inserted text> 
                $
l.469 ...\rm N_3-Si_{11}}$ & 5\%$\pi^*/95\%$\sigma
                                                  ^*$ & 89.9\% & B \\
? 
! Missing $ inserted.
<inserted text> 
                $
l.473 ...*_{\rm C_7-C_8}$ & 12\%$\pi^*/88\%$\sigma
                                                  ^*$ & 87.8\% & C \\
? 
! Missing $ inserted.
<inserted text> 
                $
l.475 ...*_{\rm C_1-C_2}$ & 87\%$\pi^*/13\%$\sigma
                                                  ^*$ & 95.7\% & \\
? 
Excluding 'comment' comment. Excluding 'comment' comment.
Excluding 'comment' comment. Excluding 'comment' comment.
Excluding 'comment' comment. [9] [10]
Overfull \hbox (25.58029pt too wide) in paragraph at lines 940--940
[]\OT1/cmr/bx/n/14.4 Appendix A: Im-ple-men-ta-tion of Max-i-mum Sub-space Oc-c
u-pa-tion Method 
 []

! Undefined control sequence.
<argument>  \hat {\Gamma }_{s} = \sum _{s}\ket 
                                               [1]{\theta _{s}}\bra [1]{\the...
l.944 \end{align}
                 
? 
! Undefined control sequence.
<argument> ... \sum _{s}\ket [1]{\theta _{s}}\bra 
                                                  [1]{\theta _{s}} 
l.944 \end{align}
                 
? 
! Undefined control sequence.
<argument>  \hat {\Gamma }_{s} = \sum _{s}\ket 
                                               [1]{\theta _{s}}\bra [1]{\the...
l.944 \end{align}
                 
? 
! Undefined control sequence.
<argument> ... \sum _{s}\ket [1]{\theta _{s}}\bra 
                                                  [1]{\theta _{s}} 
l.944 \end{align}
                 
? 
! Undefined control sequence.
<argument>  \Omega _{i} &= \bra 
                                [1]{\phi _i} \hat {\Gamma }_{s} \ket [1]{\ph...
l.949 \end{align}
                 
? 
! Undefined control sequence.
<argument> ...1]{\phi _i} \hat {\Gamma }_{s} \ket 
                                                  [1]{\phi _i} \\ &= \sum _s...
l.949 \end{align}
                 
? 
! Undefined control sequence.
<argument> ... [1]{\phi _i} \\ &= \sum _s \braket 
                                                  [1]{\phi _i}{\theta _{s}} ...
l.949 \end{align}
                 
? 
! Undefined control sequence.
<argument> ...t [1]{\phi _i}{\theta _{s}} \braket 
                                                  [1]{\theta _{s}}{\phi _i} 
l.949 \end{align}
                 
? 
! Undefined control sequence.
<argument>  \Omega _{i} &= \bra 
                                [1]{\phi _i} \hat {\Gamma }_{s} \ket [1]{\ph...
l.949 \end{align}
                 
? 
! Undefined control sequence.
<argument> ...1]{\phi _i} \hat {\Gamma }_{s} \ket 
                                                  [1]{\phi _i} \\ &= \sum _s...
l.949 \end{align}
                 
? 
! Undefined control sequence.
<argument> ... [1]{\phi _i} \\ &= \sum _s \braket 
                                                  [1]{\phi _i}{\theta _{s}} ...
l.949 \end{align}
                 
? 
! Undefined control sequence.
<argument> ...t [1]{\phi _i}{\theta _{s}} \braket 
                                                  [1]{\theta _{s}}{\phi _i} 
l.949 \end{align}
                 
? 
! Undefined control sequence.
<argument>  \ket 
                 [1]{\phi _i} = \sum _{\mu } C_{i \mu } \ket [1]{\chi _{\mu }} 
l.953 \end{align}
                 
? 
! Undefined control sequence.
<argument> ... _i} = \sum _{\mu } C_{i \mu } \ket 
                                                  [1]{\chi _{\mu }} 
l.953 \end{align}
                 
? 
! Undefined control sequence.
<argument>  \ket 
                 [1]{\phi _i} = \sum _{\mu } C_{i \mu } \ket [1]{\chi _{\mu }} 
l.953 \end{align}
                 
? 
! Undefined control sequence.
<argument> ... _i} = \sum _{\mu } C_{i \mu } \ket 
                                                  [1]{\chi _{\mu }} 
l.953 \end{align}
                 
? 
! Undefined control sequence.
l.956 \Omega_{i} = \sum_{\mu \nu} \sum_{s} \bra
                                               [1]{\chi_{\mu}} C_{\mu i}^T \...

? 
! Undefined control sequence.
l.956 ..._{s} \bra[1]{\chi_{\mu}} C_{\mu i}^T \ket
                                                  [1]{\theta_{s}} \bra[1]{\t...

? 
! Undefined control sequence.
l.956 ...mu}} C_{\mu i}^T \ket[1]{\theta_{s}} \bra
                                                  [1]{\theta_{s}} C_{i \nu} ...

? 
! Undefined control sequence.
l.956 ...a_{s}} \bra[1]{\theta_{s}} C_{i \nu} \ket
                                                  [1]{\chi_{\nu}}
? 
! Undefined control sequence.
<argument>  \ket 
                 [1]{\theta _{s}} = \sum _{\mu } X_{\mu s} \ket [1]{\chi _{\...
l.962 \end{align}
                 
? 
! Undefined control sequence.
<argument> ..._{s}} = \sum _{\mu } X_{\mu s} \ket 
                                                  [1]{\chi _{\mu }} 
l.962 \end{align}
                 
? 
! Undefined control sequence.
<argument>  \ket 
                 [1]{\theta _{s}} = \sum _{\mu } X_{\mu s} \ket [1]{\chi _{\...
l.962 \end{align}
                 
? 
! Undefined control sequence.
<argument> ..._{s}} = \sum _{\mu } X_{\mu s} \ket 
                                                  [1]{\chi _{\mu }} 
l.962 \end{align}
                 
? 
! Undefined control sequence.
<argument> ... &= \sum _{\mu \nu } \sum _{s} \bra 
                                                  [1]{\chi _{\mu }} C_{\mu i...
l.968 \end{align}
                 
? 
! Undefined control sequence.
<argument> ...\mu }} C_{\mu i}^T X^T_{s \nu }\ket 
                                                  [1]{\chi _{\nu }} \bra [1]...
l.968 \end{align}
                 
? 
! Undefined control sequence.
<argument> ...{s \nu }\ket [1]{\chi _{\nu }} \bra 
                                                  [1]{\chi _{\mu }} X_{s \mu...
l.968 \end{align}
                 
? 
! Undefined control sequence.
<argument> ..._{\mu }} X_{s \mu } C_{i \nu } \ket 
                                                  [1]{\chi _{\nu }} \\ &= \s...
l.968 \end{align}
                 
? 
! Undefined control sequence.
<argument> ...\nu } \sum _{s} C_{\mu i}^T \braket 
                                                  [1]{\chi _{\mu }}{\chi _{\...
l.968 \end{align}
                 
? 
! Undefined control sequence.
<argument> ...u }} X^T_{s \nu } X_{\mu s} \braket 
                                                  [1]{\chi _{\mu }}{\chi _{\...
l.968 \end{align}
                 
? 
! Undefined control sequence.
<argument> ... &= \sum _{\mu \nu } \sum _{s} \bra 
                                                  [1]{\chi _{\mu }} C_{\mu i...
l.968 \end{align}
                 
? 
! Undefined control sequence.
<argument> ...\mu }} C_{\mu i}^T X^T_{s \nu }\ket 
                                                  [1]{\chi _{\nu }} \bra [1]...
l.968 \end{align}
                 
? 
! Undefined control sequence.
<argument> ...{s \nu }\ket [1]{\chi _{\nu }} \bra 
                                                  [1]{\chi _{\mu }} X_{s \mu...
l.968 \end{align}
                 
? 
! Undefined control sequence.
<argument> ..._{\mu }} X_{s \mu } C_{i \nu } \ket 
                                                  [1]{\chi _{\nu }} \\ &= \s...
l.968 \end{align}
                 
? 
! Undefined control sequence.
<argument> ...\nu } \sum _{s} C_{\mu i}^T \braket 
                                                  [1]{\chi _{\mu }}{\chi _{\...
l.968 \end{align}
                 
? 
! Undefined control sequence.
<argument> ...u }} X^T_{s \nu } X_{\mu s} \braket 
                                                  [1]{\chi _{\mu }}{\chi _{\...
l.968 \end{align}
                 
? 
(chp_5_ocdft_surfaces.bbl [11]
LaTeX Font Info:    Try loading font information for OMS+cmr on input line 335.


("C:\Program Files (x86)\MiKTeX 2.9\tex\latex\base\omscmr.fd"
File: omscmr.fd 2014/09/29 v2.5h Standard LaTeX font definitions
)
LaTeX Font Info:    Font shape `OMS/cmr/m/n' in size <8> not available
(Font)              Font shape `OMS/cmsy/m/n' tried instead on input line 335.
 [12])
\g__notestobib_file_iow=\write4
\openout4 = `notes2bib-chp_5_ocdft_surfaces.bib'.



Package natbib Warning: There were undefined citations.

[13] (chp_5_ocdft_surfaces.aux) ) 
Here is how much of TeX's memory you used:
 11191 strings out of 493334
 206054 string characters out of 3136655
 251839 words of memory out of 3000000
 14604 multiletter control sequences out of 15000+200000
 12063 words of font info for 46 fonts, out of 3000000 for 9000
 1141 hyphenation exceptions out of 8191
 40i,10n,42p,10446b,386s stack positions out of 5000i,500n,10000p,200000b,50000s
<C:/Program Files (x86)/MiKTeX 2.9/fonts/type1
/public/amsfonts/cm/cmbx10.pfb><C:/Program Files (x86)/MiKTeX 2.9/fonts/type1/p
ublic/amsfonts/cm/cmbx12.pfb><C:/Program Files (x86)/MiKTeX 2.9/fonts/type1/pub
lic/amsfonts/cm/cmbx7.pfb><C:/Program Files (x86)/MiKTeX 2.9/fonts/type1/public
/amsfonts/cm/cmbx8.pfb><C:/Program Files (x86)/MiKTeX 2.9/fonts/type1/public/am
sfonts/cm/cmex10.pfb><C:/Program Files (x86)/MiKTeX 2.9/fonts/type1/public/amsf
onts/cm/cmmi10.pfb><C:/Program Files (x86)/MiKTeX 2.9/fonts/type1/public/amsfon
ts/cm/cmmi7.pfb><C:/Program Files (x86)/MiKTeX 2.9/fonts/type1/public/amsfonts/
cm/cmmi8.pfb><C:/Program Files (x86)/MiKTeX 2.9/fonts/type1/public/amsfonts/cm/
cmr10.pfb><C:/Program Files (x86)/MiKTeX 2.9/fonts/type1/public/amsfonts/cm/cmr
5.pfb><C:/Program Files (x86)/MiKTeX 2.9/fonts/type1/public/amsfonts/cm/cmr6.pf
b><C:/Program Files (x86)/MiKTeX 2.9/fonts/type1/public/amsfonts/cm/cmr7.pfb><C
:/Program Files (x86)/MiKTeX 2.9/fonts/type1/public/amsfonts/cm/cmr8.pfb><C:/Pr
ogram Files (x86)/MiKTeX 2.9/fonts/type1/public/amsfonts/cm/cmsy10.pfb><C:/Prog
ram Files (x86)/MiKTeX 2.9/fonts/type1/public/amsfonts/cm/cmsy6.pfb><C:/Program
 Files (x86)/MiKTeX 2.9/fonts/type1/public/amsfonts/cm/cmsy7.pfb><C:/Program Fi
les (x86)/MiKTeX 2.9/fonts/type1/public/amsfonts/cm/cmsy8.pfb><C:/Program Files
 (x86)/MiKTeX 2.9/fonts/type1/public/amsfonts/cm/cmti10.pfb><C:/Program Files (
x86)/MiKTeX 2.9/fonts/type1/public/amsfonts/cm/cmti8.pfb><C:/Program Files (x86
)/MiKTeX 2.9/fonts/type1/public/amsfonts/cm/cmtt10.pfb>
Output written on chp_5_ocdft_surfaces.pdf (13 pages, 312037 bytes).
PDF statistics:
 125 PDF objects out of 1000 (max. 8388607)
 0 named destinations out of 1000 (max. 500000)
 1 words of extra memory for PDF output out of 10000 (max. 10000000)

